number,value,datetime_start,datetime_complete,duration,params_batch_size,params_cnn_filters,params_cnn_kernel,params_dnn_units,params_dropout_rate,params_learning_rate,params_lstm_units,user_attrs_history,user_attrs_hyperparams,state
15,0.6320004463195801,2025-06-25 14:26:43.931326,2025-06-25 14:26:51.876850,0 days 00:00:07.945524,128,32,7,128,0.4,0.00018354434613561567,256,"{'accuracy': [0.4375, 0.453125, 0.546875, 0.59375, 0.546875, 0.515625, 0.421875, 0.453125, 0.546875, 0.4375, 0.59375, 0.515625, 0.453125, 0.5, 0.421875, 0.53125, 0.515625, 0.609375, 0.578125, 0.484375, 0.5625, 0.515625, 0.5625, 0.609375, 0.640625, 0.5, 0.640625, 0.5625, 0.578125, 0.59375, 0.609375, 0.609375, 0.640625, 0.5625, 0.671875, 0.640625, 0.578125, 0.59375, 0.703125, 0.65625, 0.734375, 0.765625, 0.640625, 0.640625, 0.671875, 0.625, 0.53125, 0.5625, 0.734375, 0.609375], 'auc': [0.42431640625, 0.46630859375, 0.5224609375, 0.56298828125, 0.58642578125, 0.5361328125, 0.443359375, 0.44775390625, 0.58740234375, 0.49267578125, 0.5380859375, 0.4443359375, 0.47216796875, 0.5322265625, 0.40625, 0.54248046875, 0.5595703125, 0.62841796875, 0.55322265625, 0.51171875, 0.578125, 0.55908203125, 0.6103515625, 0.63916015625, 0.7041015625, 0.49658203125, 0.64013671875, 0.576171875, 0.64794921875, 0.701171875, 0.630859375, 0.68505859375, 0.70849609375, 0.654296875, 0.7001953125, 0.6474609375, 0.697265625, 0.63037109375, 0.703125, 0.69921875, 0.7958984375, 0.86328125, 0.71728515625, 0.64501953125, 0.73828125, 0.63427734375, 0.5966796875, 0.59814453125, 0.771484375, 0.67138671875], 'loss': [1.146740198135376, 1.147672176361084, 1.0349297523498535, 0.9609090089797974, 0.9336339235305786, 0.9440168142318726, 1.0131053924560547, 1.0748045444488525, 0.821025550365448, 0.9509719014167786, 0.9482713937759399, 1.1064138412475586, 0.9578793048858643, 0.9179456830024719, 1.08038330078125, 0.9926331043243408, 0.9134288430213928, 0.7520084977149963, 0.9341849684715271, 0.835993766784668, 0.8498251438140869, 0.8231076002120972, 0.8343302011489868, 0.7903768420219421, 0.6553061008453369, 1.0112512111663818, 0.8545626401901245, 0.9327365756034851, 0.7901535034179688, 0.6499550342559814, 0.8014144897460938, 0.7146744132041931, 0.7140296697616577, 0.6928427219390869, 0.699288010597229, 0.7755773663520813, 0.6766819357872009, 0.7895823121070862, 0.6696650981903076, 0.6692858934402466, 0.5581341981887817, 0.46737736463546753, 0.6843650937080383, 0.8062179088592529, 0.6478483080863953, 0.7606814503669739, 0.8115023374557495, 0.868815541267395, 0.6242549419403076, 0.7562655806541443], 'precision': [0.4444444477558136, 0.4444444477558136, 0.5555555820465088, 0.6153846383094788, 0.5454545617103577, 0.517241358757019, 0.42424243688583374, 0.4545454680919647, 0.5428571701049805, 0.4444444477558136, 0.59375, 0.5161290168762207, 0.4545454680919647, 0.5, 0.42424243688583374, 0.5277777910232544, 0.5142857432365417, 0.6129032373428345, 0.5806451439857483, 0.48275861144065857, 0.5625, 0.5142857432365417, 0.5666666626930237, 0.6129032373428345, 0.6285714507102966, 0.5, 0.6363636255264282, 0.5588235259056091, 0.5714285969734192, 0.5882353186607361, 0.6206896305084229, 0.6399999856948853, 0.6451612710952759, 0.5625, 0.6896551847457886, 0.6666666865348816, 0.5862069129943848, 0.5789473652839661, 0.7407407164573669, 0.6666666865348816, 0.7586206793785095, 0.774193525314331, 0.6451612710952759, 0.6451612710952759, 0.6666666865348816, 0.6333333253860474, 0.529411792755127, 0.5666666626930237, 0.7419354915618896, 0.6060606241226196], 'recall': [0.5, 0.375, 0.46875, 0.5, 0.5625, 0.46875, 0.4375, 0.46875, 0.59375, 0.5, 0.59375, 0.5, 0.46875, 0.46875, 0.4375, 0.59375, 0.5625, 0.59375, 0.5625, 0.4375, 0.5625, 0.5625, 0.53125, 0.59375, 0.6875, 0.4375, 0.65625, 0.59375, 0.625, 0.625, 0.5625, 0.5, 0.625, 0.5625, 0.625, 0.5625, 0.53125, 0.6875, 0.625, 0.625, 0.6875, 0.75, 0.625, 0.625, 0.6875, 0.59375, 0.5625, 0.53125, 0.71875, 0.625], 'val_accuracy': [0.3125, 0.3125, 0.3125, 0.3125, 0.3125, 0.3125, 0.3125, 0.3125, 0.3125, 0.3125, 0.3125, 0.3125, 0.3125, 0.3125, 0.3125, 0.3125, 0.3125, 0.3125, 0.3125, 0.3125, 0.3125, 0.3125, 0.3125, 0.4375, 0.4375, 0.5, 0.4375, 0.4375, 0.4375, 0.4375, 0.5625, 0.5625, 0.625, 0.5625, 0.625, 0.6875, 0.6875, 0.6875, 0.6875, 0.6875, 0.6875, 0.6875, 0.6875, 0.6875, 0.6875, 0.6875, 0.6875, 0.6875, 0.6875, 0.6875], 'val_auc': [0.5454545617103577, 0.5454545617103577, 0.5545454621315002, 0.5545454621315002, 0.5454545021057129, 0.5454545021057129, 0.5090909004211426, 0.5090909004211426, 0.5181818008422852, 0.5181818008422852, 0.5181818008422852, 0.5272727012634277, 0.5090909004211426, 0.4636363387107849, 0.48181816935539246, 0.4727272391319275, 0.48181816935539246, 0.4727272391319275, 0.48181816935539246, 0.49090906977653503, 0.4909090995788574, 0.4909090995788574, 0.48181816935539246, 0.4909090995788574, 0.4727272689342499, 0.4727272689342499, 0.48181819915771484, 0.4636363387107849, 0.4727272391319275, 0.4727272391319275, 0.4727272391319275, 0.4727272689342499, 0.4636363685131073, 0.4727272391319275, 0.48181813955307007, 0.47272729873657227, 0.48181813955307007, 0.4727272391319275, 0.4727272689342499, 0.4727272689342499, 0.4636363387107849, 0.48181813955307007, 0.4727272689342499, 0.4727272689342499, 0.4727272689342499, 0.48181819915771484, 0.48181819915771484, 0.47272729873657227, 0.47272729873657227, 0.47272729873657227], 'val_loss': [1.2466553449630737, 1.2097244262695312, 1.1707468032836914, 1.1367228031158447, 1.1055567264556885, 1.075887680053711, 1.0486013889312744, 1.0233242511749268, 0.9992802739143372, 0.9765921235084534, 0.9549535512924194, 0.9348822832107544, 0.914170503616333, 0.8939831256866455, 0.8753527402877808, 0.8571176528930664, 0.8399409055709839, 0.8233282566070557, 0.8076589107513428, 0.7932639718055725, 0.7789546251296997, 0.7653197050094604, 0.7524838447570801, 0.7410972714424133, 0.7298980355262756, 0.7197482585906982, 0.7104562520980835, 0.7015307545661926, 0.6940356492996216, 0.6869629621505737, 0.6809576749801636, 0.6752960681915283, 0.6702941060066223, 0.6657589077949524, 0.6616806983947754, 0.658161461353302, 0.6547847390174866, 0.6517397165298462, 0.6487790942192078, 0.6461700201034546, 0.6439124345779419, 0.6418858766555786, 0.6400492191314697, 0.638454020023346, 0.6369478702545166, 0.6355378031730652, 0.6343071460723877, 0.633294403553009, 0.6325331926345825, 0.6320004463195801], 'val_precision': [0.3125, 0.3125, 0.3125, 0.3125, 0.3125, 0.3125, 0.3125, 0.3125, 0.3125, 0.3125, 0.3125, 0.3125, 0.3125, 0.3125, 0.3125, 0.3125, 0.3125, 0.3125, 0.3125, 0.3125, 0.3125, 0.3125, 0.3125, 0.3571428656578064, 0.3571428656578064, 0.38461539149284363, 0.3333333432674408, 0.30000001192092896, 0.25, 0.1666666716337204, 0.25, 0.25, 0.3333333432674408, 0.0, 0.0, 0.0, 0.0, 0.0, 0.0, 0.0, 0.0, 0.0, 0.0, 0.0, 0.0, 0.0, 0.0, 0.0, 0.0, 0.0], 'val_recall': [1.0, 1.0, 1.0, 1.0, 1.0, 1.0, 1.0, 1.0, 1.0, 1.0, 1.0, 1.0, 1.0, 1.0, 1.0, 1.0, 1.0, 1.0, 1.0, 1.0, 1.0, 1.0, 1.0, 1.0, 1.0, 1.0, 0.800000011920929, 0.6000000238418579, 0.4000000059604645, 0.20000000298023224, 0.20000000298023224, 0.20000000298023224, 0.20000000298023224, 0.0, 0.0, 0.0, 0.0, 0.0, 0.0, 0.0, 0.0, 0.0, 0.0, 0.0, 0.0, 0.0, 0.0, 0.0, 0.0, 0.0]}","{'cnn_filters': 32, 'cnn_kernel': 7, 'lstm_units': 256, 'dnn_units': 128, 'dropout_rate': 0.4, 'learning_rate': 0.00018354434613561567, 'batch_size': 128}",COMPLETE
16,0.6138648986816406,2025-06-25 14:26:51.877296,2025-06-25 14:26:58.208709,0 days 00:00:06.331413,128,32,7,128,0.4,0.0005625359970121793,128,"{'accuracy': [0.515625, 0.625, 0.625, 0.5, 0.59375, 0.609375, 0.46875, 0.5625, 0.546875, 0.59375, 0.578125, 0.59375, 0.609375, 0.515625, 0.59375, 0.484375, 0.5, 0.65625, 0.625, 0.703125, 0.65625, 0.65625, 0.59375, 0.625, 0.6875, 0.703125, 0.671875, 0.734375, 0.71875, 0.6875, 0.734375, 0.671875, 0.640625, 0.65625, 0.703125, 0.59375, 0.6875, 0.6875, 0.65625, 0.765625, 0.671875, 0.6875, 0.734375, 0.734375], 'auc': [0.54248046875, 0.6279296875, 0.64306640625, 0.5390625, 0.619140625, 0.64697265625, 0.51708984375, 0.62646484375, 0.548828125, 0.626953125, 0.60498046875, 0.6142578125, 0.63623046875, 0.4990234375, 0.6083984375, 0.6201171875, 0.52685546875, 0.71435546875, 0.703125, 0.77197265625, 0.77783203125, 0.74853515625, 0.66162109375, 0.6826171875, 0.74072265625, 0.744140625, 0.71875, 0.7861328125, 0.8251953125, 0.697265625, 0.79296875, 0.68310546875, 0.724609375, 0.69873046875, 0.77783203125, 0.7138671875, 0.74853515625, 0.78955078125, 0.7099609375, 0.833984375, 0.7138671875, 0.8203125, 0.8388671875, 0.79345703125], 'loss': [0.8664045333862305, 0.7681032419204712, 0.7975738048553467, 0.9069454669952393, 0.8464731574058533, 0.7499573230743408, 1.0085707902908325, 0.846526026725769, 0.9814658164978027, 0.7797212600708008, 0.7963429689407349, 0.8825924396514893, 0.7621603012084961, 0.9426258206367493, 0.8580185770988464, 0.8010976314544678, 0.9581729769706726, 0.669520914554596, 0.6993297338485718, 0.6208571195602417, 0.5614715218544006, 0.6286543011665344, 0.761095404624939, 0.781238317489624, 0.6282953023910522, 0.7019054293632507, 0.677105188369751, 0.553342342376709, 0.5258416533470154, 0.6971864700317383, 0.5706253051757812, 0.7107445597648621, 0.6306126713752747, 0.7410130500793457, 0.5689806938171387, 0.6762563586235046, 0.6598162055015564, 0.6010679602622986, 0.7172181606292725, 0.5397675633430481, 0.6726288795471191, 0.5710461139678955, 0.517209529876709, 0.5647678971290588], 'precision': [0.5142857432365417, 0.6000000238418579, 0.6000000238418579, 0.5, 0.6153846383094788, 0.6129032373428345, 0.46875, 0.5666666626930237, 0.5483871102333069, 0.59375, 0.5675675868988037, 0.6071428656578064, 0.6060606241226196, 0.517241358757019, 0.6071428656578064, 0.48571428656578064, 0.5, 0.6470588445663452, 0.6176470518112183, 0.7096773982048035, 0.65625, 0.6470588445663452, 0.574999988079071, 0.625, 0.7142857313156128, 0.7407407164573669, 0.6666666865348816, 0.7419354915618896, 0.7058823704719543, 0.6764705777168274, 0.7419354915618896, 0.6666666865348816, 0.6551724076271057, 0.6666666865348816, 0.7096773982048035, 0.5882353186607361, 0.699999988079071, 0.7142857313156128, 0.692307710647583, 0.7931034564971924, 0.6666666865348816, 0.6666666865348816, 0.7272727489471436, 0.7272727489471436], 'recall': [0.5625, 0.75, 0.75, 0.5625, 0.5, 0.59375, 0.46875, 0.53125, 0.53125, 0.59375, 0.65625, 0.53125, 0.625, 0.46875, 0.53125, 0.53125, 0.5, 0.6875, 0.65625, 0.6875, 0.65625, 0.6875, 0.71875, 0.625, 0.625, 0.625, 0.6875, 0.71875, 0.75, 0.71875, 0.71875, 0.6875, 0.59375, 0.625, 0.6875, 0.625, 0.65625, 0.625, 0.5625, 0.71875, 0.6875, 0.75, 0.75, 0.75], 'val_accuracy': [0.625, 0.6875, 0.6875, 0.6875, 0.6875, 0.6875, 0.6875, 0.6875, 0.6875, 0.6875, 0.6875, 0.6875, 0.6875, 0.6875, 0.6875, 0.6875, 0.6875, 0.6875, 0.6875, 0.6875, 0.6875, 0.6875, 0.6875, 0.6875, 0.6875, 0.6875, 0.6875, 0.6875, 0.6875, 0.6875, 0.6875, 0.6875, 0.6875, 0.6875, 0.6875, 0.6875, 0.6875, 0.6875, 0.6875, 0.6875, 0.6875, 0.6875, 0.6875, 0.6875], 'val_auc': [0.663636326789856, 0.7090909481048584, 0.7090909481048584, 0.7363636493682861, 0.6909091472625732, 0.718181848526001, 0.6727273464202881, 0.6636364459991455, 0.6727272868156433, 0.6181818246841431, 0.6272727251052856, 0.6272727251052856, 0.6181818842887878, 0.6181818246841431, 0.6181818246841431, 0.6000000238418579, 0.6181818246841431, 0.5909091234207153, 0.6000000238418579, 0.5909091234207153, 0.5909091234207153, 0.5909091234207153, 0.6000000238418579, 0.6000000238418579, 0.581818163394928, 0.5818182229995728, 0.5636363625526428, 0.581818163394928, 0.5727272629737854, 0.5454545617103577, 0.5545454621315002, 0.5636363625526428, 0.5636363625526428, 0.5636363625526428, 0.5727272629737854, 0.5636363625526428, 0.5727272629737854, 0.5727272033691406, 0.5727272629737854, 0.581818163394928, 0.5909090042114258, 0.563636302947998, 0.5818182229995728, 0.5636363625526428], 'val_loss': [0.6682548522949219, 0.6622716188430786, 0.6559281945228577, 0.6502629518508911, 0.6446256637573242, 0.6395423412322998, 0.6352349519729614, 0.6323081254959106, 0.6302039623260498, 0.6281532645225525, 0.6261943578720093, 0.624342679977417, 0.6230272054672241, 0.6221697330474854, 0.6212818622589111, 0.6203740835189819, 0.6195309162139893, 0.6191117763519287, 0.6185065507888794, 0.6179250478744507, 0.6172313094139099, 0.6166689395904541, 0.6164265871047974, 0.6162758469581604, 0.6162229776382446, 0.616168737411499, 0.6161586046218872, 0.6162387132644653, 0.6161897778511047, 0.6160937547683716, 0.6157617568969727, 0.6152838468551636, 0.6149443984031677, 0.6146873235702515, 0.6145669221878052, 0.6143105626106262, 0.6140401363372803, 0.6138677000999451, 0.6138648986816406, 0.6139264702796936, 0.6139476299285889, 0.6142158508300781, 0.6144171953201294, 0.6146717071533203], 'val_precision': [0.3333333432674408, 0.0, 0.0, 0.0, 0.0, 0.0, 0.0, 0.0, 0.0, 0.0, 0.0, 0.0, 0.0, 0.0, 0.0, 0.0, 0.0, 0.0, 0.0, 0.0, 0.0, 0.0, 0.0, 0.0, 0.0, 0.0, 0.0, 0.0, 0.0, 0.0, 0.0, 0.0, 0.0, 0.0, 0.0, 0.0, 0.0, 0.0, 0.0, 0.0, 0.0, 0.0, 0.0, 0.0], 'val_recall': [0.20000000298023224, 0.0, 0.0, 0.0, 0.0, 0.0, 0.0, 0.0, 0.0, 0.0, 0.0, 0.0, 0.0, 0.0, 0.0, 0.0, 0.0, 0.0, 0.0, 0.0, 0.0, 0.0, 0.0, 0.0, 0.0, 0.0, 0.0, 0.0, 0.0, 0.0, 0.0, 0.0, 0.0, 0.0, 0.0, 0.0, 0.0, 0.0, 0.0, 0.0, 0.0, 0.0, 0.0, 0.0]}","{'cnn_filters': 32, 'cnn_kernel': 7, 'lstm_units': 128, 'dnn_units': 128, 'dropout_rate': 0.4, 'learning_rate': 0.0005625359970121793, 'batch_size': 128}",COMPLETE
17,0.6097260117530823,2025-06-25 14:26:58.209244,2025-06-25 14:27:04.305671,0 days 00:00:06.096427,128,32,7,128,0.5,0.00012384337976012135,128,"{'accuracy': [0.46875, 0.390625, 0.484375, 0.4375, 0.5, 0.46875, 0.578125, 0.5, 0.390625, 0.453125, 0.5625, 0.515625, 0.640625, 0.5625, 0.5, 0.5625, 0.4375, 0.546875, 0.640625, 0.484375, 0.5, 0.53125, 0.5625, 0.453125, 0.515625, 0.53125, 0.578125, 0.53125, 0.46875, 0.515625, 0.5625, 0.5, 0.59375, 0.5, 0.515625, 0.609375, 0.484375, 0.5625, 0.46875, 0.390625, 0.578125, 0.5, 0.546875, 0.515625, 0.5625, 0.484375, 0.5, 0.5625, 0.578125, 0.578125], 'auc': [0.48095703125, 0.41650390625, 0.44384765625, 0.3857421875, 0.47216796875, 0.47314453125, 0.595703125, 0.5009765625, 0.42333984375, 0.521484375, 0.57177734375, 0.61474609375, 0.70458984375, 0.5859375, 0.48486328125, 0.57275390625, 0.4375, 0.47705078125, 0.67724609375, 0.4755859375, 0.51611328125, 0.62109375, 0.5439453125, 0.474609375, 0.54248046875, 0.51025390625, 0.537109375, 0.5498046875, 0.46875, 0.49951171875, 0.5947265625, 0.435546875, 0.62841796875, 0.5595703125, 0.53662109375, 0.64794921875, 0.5380859375, 0.61474609375, 0.45654296875, 0.42333984375, 0.64990234375, 0.54833984375, 0.5341796875, 0.55322265625, 0.56591796875, 0.5205078125, 0.49755859375, 0.51513671875, 0.638671875, 0.5537109375], 'loss': [1.020698070526123, 1.1281964778900146, 1.2677433490753174, 1.2231295108795166, 1.2458261251449585, 1.1290042400360107, 0.9972894191741943, 1.0640395879745483, 1.3088974952697754, 0.9678298830986023, 1.0280239582061768, 0.8055036067962646, 0.7704764604568481, 0.9618728160858154, 1.0847078561782837, 1.009899616241455, 1.1758445501327515, 1.2759191989898682, 0.8095617294311523, 1.1331512928009033, 1.029789924621582, 0.8612497448921204, 1.0377182960510254, 1.0567970275878906, 0.927001953125, 1.0370233058929443, 1.1020326614379883, 1.0547585487365723, 1.0989218950271606, 1.1325757503509521, 0.9146644473075867, 1.245185375213623, 0.8565277457237244, 1.080735445022583, 0.9892809391021729, 0.7570976614952087, 1.0186946392059326, 0.8974810242652893, 1.1412503719329834, 1.1361052989959717, 0.8812307119369507, 0.9560654759407043, 0.9921985864639282, 1.045902132987976, 0.878646731376648, 0.9898220300674438, 1.1383824348449707, 1.0462619066238403, 0.9223241806030273, 0.9829241037368774], 'precision': [0.46666666865348816, 0.39393940567970276, 0.47999998927116394, 0.4444444477558136, 0.5, 0.4736842215061188, 0.5714285969734192, 0.5, 0.4000000059604645, 0.4516128897666931, 0.5588235259056091, 0.5199999809265137, 0.604651153087616, 0.5625, 0.5, 0.5666666626930237, 0.4444444477558136, 0.5483871102333069, 0.6451612710952759, 0.4838709533214569, 0.5, 0.529411792755127, 0.5714285969734192, 0.4516128897666931, 0.5161290168762207, 0.53125, 0.5862069129943848, 0.53125, 0.4615384638309479, 0.5151515007019043, 0.5714285969734192, 0.5, 0.5882353186607361, 0.5, 0.5161290168762207, 0.6206896305084229, 0.48571428656578064, 0.5833333134651184, 0.47058823704719543, 0.39393940567970276, 0.6000000238418579, 0.5, 0.5517241358757019, 0.5142857432365417, 0.5526315569877625, 0.4848484992980957, 0.5, 0.5625, 0.5757575631141663, 0.5757575631141663], 'recall': [0.4375, 0.40625, 0.375, 0.5, 0.53125, 0.5625, 0.625, 0.4375, 0.4375, 0.4375, 0.59375, 0.40625, 0.8125, 0.5625, 0.46875, 0.53125, 0.5, 0.53125, 0.625, 0.46875, 0.46875, 0.5625, 0.5, 0.4375, 0.5, 0.53125, 0.53125, 0.53125, 0.375, 0.53125, 0.5, 0.53125, 0.625, 0.625, 0.5, 0.5625, 0.53125, 0.4375, 0.5, 0.40625, 0.46875, 0.5625, 0.5, 0.5625, 0.65625, 0.5, 0.4375, 0.5625, 0.59375, 0.59375], 'val_accuracy': [0.625, 0.625, 0.625, 0.625, 0.625, 0.625, 0.625, 0.625, 0.625, 0.625, 0.625, 0.625, 0.625, 0.625, 0.625, 0.625, 0.625, 0.6875, 0.6875, 0.6875, 0.6875, 0.6875, 0.6875, 0.6875, 0.6875, 0.6875, 0.6875, 0.6875, 0.6875, 0.6875, 0.6875, 0.6875, 0.6875, 0.6875, 0.6875, 0.6875, 0.6875, 0.6875, 0.6875, 0.6875, 0.6875, 0.6875, 0.6875, 0.6875, 0.6875, 0.6875, 0.6875, 0.6875, 0.6875, 0.6875], 'val_auc': [0.718181848526001, 0.718181848526001, 0.718181848526001, 0.7000000476837158, 0.7090908885002136, 0.7272727489471436, 0.7272727489471436, 0.699999988079071, 0.7363636493682861, 0.699999988079071, 0.7454545497894287, 0.718181848526001, 0.7272726893424988, 0.7090908885002136, 0.7272726893424988, 0.7272727489471436, 0.7272727489471436, 0.7272727489471436, 0.7090908885002136, 0.699999988079071, 0.7090908885002136, 0.6999999284744263, 0.7090908885002136, 0.699999988079071, 0.7090908885002136, 0.6909090876579285, 0.7090909481048584, 0.6909090876579285, 0.7090909481048584, 0.6909090280532837, 0.6909090876579285, 0.7090908885002136, 0.6909090876579285, 0.6909090876579285, 0.699999988079071, 0.6909090876579285, 0.6909090876579285, 0.699999988079071, 0.6909090876579285, 0.6909090876579285, 0.7090908885002136, 0.6909090876579285, 0.6909090876579285, 0.6909090876579285, 0.699999988079071, 0.6909090876579285, 0.699999988079071, 0.7090909481048584, 0.6818181276321411, 0.7090909481048584], 'val_loss': [0.6554315686225891, 0.6552436351776123, 0.6545825600624084, 0.6536403298377991, 0.6526554226875305, 0.6516202688217163, 0.6503787636756897, 0.6489721536636353, 0.6476054191589355, 0.6462699174880981, 0.6446124315261841, 0.64307701587677, 0.6413344144821167, 0.6398544907569885, 0.6384110450744629, 0.6366956233978271, 0.6352633237838745, 0.6340285539627075, 0.6328681111335754, 0.6316218972206116, 0.6304616928100586, 0.6293036341667175, 0.6282020807266235, 0.6271260976791382, 0.6261894106864929, 0.6251897811889648, 0.6241958737373352, 0.6234097480773926, 0.6227123737335205, 0.6220333576202393, 0.6211773157119751, 0.6204825043678284, 0.6199682354927063, 0.6193699240684509, 0.6187272071838379, 0.618002712726593, 0.6173892021179199, 0.6167876720428467, 0.6161925196647644, 0.6156246662139893, 0.6150187253952026, 0.6142818927764893, 0.6136276125907898, 0.6128524541854858, 0.6122156381607056, 0.6117603778839111, 0.6112362146377563, 0.6107328534126282, 0.6102293133735657, 0.6097260117530823], 'val_precision': [0.0, 0.0, 0.0, 0.0, 0.0, 0.0, 0.0, 0.0, 0.0, 0.0, 0.0, 0.0, 0.0, 0.0, 0.0, 0.0, 0.0, 0.0, 0.0, 0.0, 0.0, 0.0, 0.0, 0.0, 0.0, 0.0, 0.0, 0.0, 0.0, 0.0, 0.0, 0.0, 0.0, 0.0, 0.0, 0.0, 0.0, 0.0, 0.0, 0.0, 0.0, 0.0, 0.0, 0.0, 0.0, 0.0, 0.0, 0.0, 0.0, 0.0], 'val_recall': [0.0, 0.0, 0.0, 0.0, 0.0, 0.0, 0.0, 0.0, 0.0, 0.0, 0.0, 0.0, 0.0, 0.0, 0.0, 0.0, 0.0, 0.0, 0.0, 0.0, 0.0, 0.0, 0.0, 0.0, 0.0, 0.0, 0.0, 0.0, 0.0, 0.0, 0.0, 0.0, 0.0, 0.0, 0.0, 0.0, 0.0, 0.0, 0.0, 0.0, 0.0, 0.0, 0.0, 0.0, 0.0, 0.0, 0.0, 0.0, 0.0, 0.0]}","{'cnn_filters': 32, 'cnn_kernel': 7, 'lstm_units': 128, 'dnn_units': 128, 'dropout_rate': 0.5, 'learning_rate': 0.00012384337976012135, 'batch_size': 128}",COMPLETE
18,0.624456524848938,2025-06-25 14:27:04.306154,2025-06-25 14:27:07.533386,0 days 00:00:03.227232,64,32,7,128,0.5,0.0003833309854936415,128,"{'accuracy': [0.453125, 0.578125, 0.546875, 0.53125, 0.484375, 0.515625, 0.546875, 0.4375], 'auc': [0.5048828125, 0.58984375, 0.59521484375, 0.5625, 0.4541015625, 0.55517578125, 0.49853515625, 0.45556640625], 'loss': [1.0347094535827637, 0.943140983581543, 0.9089817404747009, 0.9924138188362122, 1.070631980895996, 0.9055108428001404, 1.055359125137329, 1.0953768491744995], 'precision': [0.4545454680919647, 0.5806451439857483, 0.5555555820465088, 0.523809552192688, 0.4838709533214569, 0.5142857432365417, 0.5365853905677795, 0.44117647409439087], 'recall': [0.46875, 0.5625, 0.46875, 0.6875, 0.46875, 0.5625, 0.6875, 0.46875], 'val_accuracy': [0.6875, 0.6875, 0.6875, 0.6875, 0.6875, 0.6875, 0.6875, 0.6875], 'val_auc': [0.5818182229995728, 0.5818182229995728, 0.5636363625526428, 0.5545454621315002, 0.5545454621315002, 0.5636363625526428, 0.5818182229995728, 0.6000000238418579], 'val_loss': [0.6245574355125427, 0.6244977712631226, 0.624456524848938, 0.6246752738952637, 0.6247943043708801, 0.625056266784668, 0.6254301071166992, 0.6257858872413635], 'val_precision': [0.0, 0.0, 0.0, 0.0, 0.0, 0.0, 0.0, 0.0], 'val_recall': [0.0, 0.0, 0.0, 0.0, 0.0, 0.0, 0.0, 0.0]}","{'cnn_filters': 32, 'cnn_kernel': 7, 'lstm_units': 128, 'dnn_units': 128, 'dropout_rate': 0.5, 'learning_rate': 0.0003833309854936415, 'batch_size': 64}",COMPLETE
