number,value,datetime_start,datetime_complete,duration,params_batch_size,params_cnn_filters,params_cnn_kernel,params_dnn_units,params_dropout_rate,params_learning_rate,params_lstm_units,user_attrs_history,user_attrs_hyperparams,state
19,0.6397270560264587,2025-06-25 14:27:07.533807,2025-06-25 14:27:14.121937,0 days 00:00:06.588130,128,128,7,256,0.2,0.00012157933233798937,128,"{'accuracy': [0.375, 0.390625, 0.484375, 0.53125, 0.421875, 0.515625, 0.515625, 0.484375, 0.53125, 0.484375, 0.640625, 0.515625, 0.421875, 0.53125, 0.5625, 0.53125, 0.609375, 0.65625, 0.546875, 0.59375, 0.546875, 0.578125, 0.625, 0.65625, 0.640625, 0.65625, 0.65625, 0.75, 0.640625, 0.71875, 0.640625, 0.640625, 0.65625, 0.640625], 'auc': [0.380859375, 0.40576171875, 0.5107421875, 0.52490234375, 0.453125, 0.59033203125, 0.50537109375, 0.44091796875, 0.52783203125, 0.5107421875, 0.59375, 0.56005859375, 0.45654296875, 0.53125, 0.62158203125, 0.5146484375, 0.60986328125, 0.7412109375, 0.5517578125, 0.677734375, 0.56103515625, 0.64013671875, 0.64208984375, 0.74951171875, 0.75537109375, 0.64453125, 0.67822265625, 0.8388671875, 0.66796875, 0.7783203125, 0.74951171875, 0.70458984375, 0.7333984375, 0.71240234375], 'loss': [1.0659663677215576, 0.9781246185302734, 0.8957844972610474, 0.8934483528137207, 1.0714448690414429, 0.7661972641944885, 0.8870152235031128, 1.0775572061538696, 0.8493541479110718, 0.8559061288833618, 0.7877950072288513, 0.80522620677948, 0.87592613697052, 0.878183901309967, 0.7395027875900269, 0.8967238068580627, 0.7585512399673462, 0.6141647100448608, 0.8216453194618225, 0.6534780263900757, 0.8032896518707275, 0.8208921551704407, 0.7759244441986084, 0.6106727719306946, 0.5813316106796265, 0.7481219172477722, 0.6761156916618347, 0.5072169303894043, 0.6708120107650757, 0.5619124174118042, 0.6090254187583923, 0.6606172323226929, 0.5945676565170288, 0.6459181308746338], 'precision': [0.375, 0.3870967626571655, 0.48571428656578064, 0.53125, 0.4193548262119293, 0.5161290168762207, 0.517241358757019, 0.4848484992980957, 0.5333333611488342, 0.48275861144065857, 0.6551724076271057, 0.5161290168762207, 0.4285714328289032, 0.5333333611488342, 0.5625, 0.529411792755127, 0.6129032373428345, 0.6470588445663452, 0.5517241358757019, 0.6000000238418579, 0.5454545617103577, 0.5714285969734192, 0.6333333253860474, 0.6470588445663452, 0.6451612710952759, 0.6666666865348816, 0.6666666865348816, 0.7666666507720947, 0.6285714507102966, 0.7333333492279053, 0.6285714507102966, 0.6285714507102966, 0.6785714030265808, 0.6451612710952759], 'recall': [0.375, 0.375, 0.53125, 0.53125, 0.40625, 0.5, 0.46875, 0.5, 0.5, 0.4375, 0.59375, 0.5, 0.46875, 0.5, 0.5625, 0.5625, 0.59375, 0.6875, 0.5, 0.5625, 0.5625, 0.625, 0.59375, 0.6875, 0.625, 0.625, 0.625, 0.71875, 0.6875, 0.6875, 0.6875, 0.6875, 0.59375, 0.625], 'val_accuracy': [0.4375, 0.4375, 0.5625, 0.625, 0.625, 0.6875, 0.6875, 0.75, 0.8125, 0.8125, 0.75, 0.6875, 0.6875, 0.6875, 0.6875, 0.6875, 0.6875, 0.6875, 0.6875, 0.6875, 0.6875, 0.6875, 0.6875, 0.6875, 0.6875, 0.6875, 0.6875, 0.6875, 0.6875, 0.6875, 0.6875, 0.6875, 0.6875, 0.6875], 'val_auc': [0.5181818008422852, 0.5181818604469299, 0.5181818604469299, 0.5090909004211426, 0.5090909004211426, 0.5181818604469299, 0.5181818604469299, 0.5, 0.5090909004211426, 0.5181818008422852, 0.4909090995788574, 0.5, 0.4909090995788574, 0.5, 0.48181819915771484, 0.48181819915771484, 0.47272729873657227, 0.48181819915771484, 0.4636363685131073, 0.4727272689342499, 0.4636363983154297, 0.44545453786849976, 0.4636363983154297, 0.4545454680919647, 0.4545454680919647, 0.44545456767082214, 0.44545456767082214, 0.44545453786849976, 0.44545453786849976, 0.4272727370262146, 0.44545453786849976, 0.4272727370262146, 0.40909093618392944, 0.41818180680274963], 'val_loss': [0.7066874504089355, 0.7026962637901306, 0.6983607411384583, 0.6938396692276001, 0.6892980337142944, 0.6849715709686279, 0.681065559387207, 0.6777464151382446, 0.6743760108947754, 0.6711358428001404, 0.6678704023361206, 0.6650620698928833, 0.6620408296585083, 0.6592624187469482, 0.6566735506057739, 0.6540870070457458, 0.6517507433891296, 0.6496214866638184, 0.6475295424461365, 0.6457583904266357, 0.644281268119812, 0.6429847478866577, 0.6418918967247009, 0.6410590410232544, 0.6405287981033325, 0.640129804611206, 0.6399440765380859, 0.6397902965545654, 0.6397270560264587, 0.6398358345031738, 0.6400007009506226, 0.6402925252914429, 0.6405850648880005, 0.6409302353858948], 'val_precision': [0.30000001192092896, 0.25, 0.3333333432674408, 0.4000000059604645, 0.4000000059604645, 0.5, 0.5, 0.6666666865348816, 1.0, 1.0, 1.0, 0.0, 0.0, 0.0, 0.0, 0.0, 0.0, 0.0, 0.0, 0.0, 0.0, 0.0, 0.0, 0.0, 0.0, 0.0, 0.0, 0.0, 0.0, 0.0, 0.0, 0.0, 0.0, 0.0], 'val_recall': [0.6000000238418579, 0.4000000059604645, 0.4000000059604645, 0.4000000059604645, 0.4000000059604645, 0.4000000059604645, 0.4000000059604645, 0.4000000059604645, 0.4000000059604645, 0.4000000059604645, 0.20000000298023224, 0.0, 0.0, 0.0, 0.0, 0.0, 0.0, 0.0, 0.0, 0.0, 0.0, 0.0, 0.0, 0.0, 0.0, 0.0, 0.0, 0.0, 0.0, 0.0, 0.0, 0.0, 0.0, 0.0]}","{'cnn_filters': 128, 'cnn_kernel': 7, 'lstm_units': 128, 'dnn_units': 256, 'dropout_rate': 0.2, 'learning_rate': 0.00012157933233798937, 'batch_size': 128}",COMPLETE
20,0.6729563474655151,2025-06-25 14:27:14.122966,2025-06-25 14:27:22.205654,0 days 00:00:08.082688,128,128,7,128,0.5,3.382974242476507e-05,128,"{'accuracy': [0.5, 0.5, 0.46875, 0.546875, 0.421875, 0.46875, 0.546875, 0.5625, 0.484375, 0.453125, 0.546875, 0.515625, 0.484375, 0.59375, 0.59375, 0.5, 0.515625, 0.53125, 0.53125, 0.65625, 0.5625, 0.515625, 0.484375, 0.484375, 0.265625, 0.546875, 0.53125, 0.484375, 0.53125, 0.46875, 0.453125, 0.46875, 0.59375, 0.5625, 0.546875, 0.5, 0.515625, 0.515625, 0.515625, 0.640625, 0.59375, 0.5625, 0.5625, 0.484375, 0.421875, 0.53125, 0.5, 0.5625, 0.609375, 0.546875], 'auc': [0.54833984375, 0.48681640625, 0.4453125, 0.42431640625, 0.40087890625, 0.505859375, 0.59375, 0.54052734375, 0.45068359375, 0.45068359375, 0.60546875, 0.54052734375, 0.4853515625, 0.57470703125, 0.63232421875, 0.45849609375, 0.6123046875, 0.57666015625, 0.54443359375, 0.61572265625, 0.51025390625, 0.52587890625, 0.48681640625, 0.46728515625, 0.28466796875, 0.5146484375, 0.5166015625, 0.46142578125, 0.51220703125, 0.47265625, 0.5703125, 0.4619140625, 0.62060546875, 0.60498046875, 0.54248046875, 0.509765625, 0.521484375, 0.5712890625, 0.546875, 0.67138671875, 0.60888671875, 0.59423828125, 0.56787109375, 0.49853515625, 0.48876953125, 0.54833984375, 0.53515625, 0.59765625, 0.55419921875, 0.52294921875], 'loss': [0.8588025569915771, 0.9850809574127197, 1.0926272869110107, 1.2079241275787354, 1.1849030256271362, 1.0566556453704834, 0.8635283708572388, 0.9880287647247314, 1.0914260149002075, 1.107802391052246, 0.8945536017417908, 1.051918625831604, 0.9952752590179443, 0.9439201354980469, 0.8153576850891113, 1.0822501182556152, 0.8258563280105591, 0.9849749803543091, 0.9725944995880127, 0.9114291667938232, 1.0188581943511963, 1.1132683753967285, 1.0362200736999512, 1.1415185928344727, 1.304769515991211, 1.0812795162200928, 1.102423071861267, 1.0915204286575317, 1.08828866481781, 0.9951186776161194, 0.9179130792617798, 0.9747368693351746, 0.847045361995697, 0.8161264061927795, 0.9202499389648438, 1.030809998512268, 0.9961199760437012, 0.8855314254760742, 0.9939996004104614, 0.7300480604171753, 0.940300464630127, 0.9231113195419312, 0.9836562871932983, 1.0890324115753174, 1.1080973148345947, 0.9884758591651917, 1.0326626300811768, 0.8822578191757202, 0.9921714663505554, 1.060145616531372], 'precision': [0.5, 0.5, 0.47058823704719543, 0.5405405163764954, 0.4285714328289032, 0.4642857015132904, 0.5600000023841858, 0.5666666626930237, 0.48571428656578064, 0.4545454680919647, 0.5483871102333069, 0.5151515007019043, 0.48148149251937866, 0.5789473652839661, 0.6000000238418579, 0.5, 0.5151515007019043, 0.53125, 0.53125, 0.6666666865348816, 0.5625, 0.517241358757019, 0.4838709533214569, 0.48571428656578064, 0.2857142984867096, 0.5454545617103577, 0.53125, 0.4838709533214569, 0.53125, 0.46666666865348816, 0.4482758641242981, 0.4642857015132904, 0.6071428656578064, 0.5714285969734192, 0.5517241358757019, 0.5, 0.5161290168762207, 0.5135135054588318, 0.5151515007019043, 0.6451612710952759, 0.6071428656578064, 0.5625, 0.550000011920929, 0.48571428656578064, 0.4285714328289032, 0.53125, 0.5, 0.5526315569877625, 0.6060606241226196, 0.5454545617103577], 'recall': [0.46875, 0.46875, 0.5, 0.625, 0.46875, 0.40625, 0.4375, 0.53125, 0.53125, 0.46875, 0.53125, 0.53125, 0.40625, 0.6875, 0.5625, 0.46875, 0.53125, 0.53125, 0.53125, 0.625, 0.5625, 0.46875, 0.46875, 0.53125, 0.3125, 0.5625, 0.53125, 0.46875, 0.53125, 0.4375, 0.40625, 0.40625, 0.53125, 0.5, 0.5, 0.46875, 0.5, 0.59375, 0.53125, 0.625, 0.53125, 0.5625, 0.6875, 0.53125, 0.46875, 0.53125, 0.53125, 0.65625, 0.625, 0.5625], 'val_accuracy': [0.3125, 0.3125, 0.3125, 0.3125, 0.3125, 0.3125, 0.3125, 0.375, 0.4375, 0.4375, 0.375, 0.375, 0.375, 0.375, 0.4375, 0.4375, 0.4375, 0.4375, 0.4375, 0.4375, 0.5, 0.5, 0.4375, 0.4375, 0.5, 0.5, 0.5, 0.5, 0.5, 0.5625, 0.5625, 0.5625, 0.625, 0.6875, 0.75, 0.6875, 0.6875, 0.6875, 0.6875, 0.6875, 0.6875, 0.6875, 0.6875, 0.6875, 0.6875, 0.6875, 0.6875, 0.6875, 0.6875, 0.6875], 'val_auc': [0.4000000059604645, 0.4363636374473572, 0.4000000059604645, 0.4363636374473572, 0.4000000059604645, 0.4272727370262146, 0.418181836605072, 0.418181836605072, 0.40909093618392944, 0.4272727370262146, 0.427272766828537, 0.40909093618392944, 0.418181836605072, 0.40909093618392944, 0.418181836605072, 0.4272727370262146, 0.4000000059604645, 0.4272727370262146, 0.4272727370262146, 0.4000000059604645, 0.4272727370262146, 0.40909090638160706, 0.3909090757369995, 0.4272727370262146, 0.4272727072238922, 0.38181817531585693, 0.40909087657928467, 0.4000000059604645, 0.38181817531585693, 0.40909090638160706, 0.38181817531585693, 0.37272727489471436, 0.4000000059604645, 0.38181817531585693, 0.38181817531585693, 0.37272730469703674, 0.418181836605072, 0.3818182051181793, 0.3818182051181793, 0.37272727489471436, 0.40000003576278687, 0.40909090638160706, 0.37272727489471436, 0.38181817531585693, 0.40909090638160706, 0.3909090757369995, 0.3909090757369995, 0.3999999761581421, 0.37272727489471436, 0.3909090757369995], 'val_loss': [0.722426176071167, 0.7205212712287903, 0.7184092998504639, 0.7163463234901428, 0.7144178152084351, 0.7128127813339233, 0.7111461162567139, 0.7097914218902588, 0.7081820964813232, 0.7069725394248962, 0.7060341238975525, 0.7046186923980713, 0.7034012079238892, 0.7019303441047668, 0.7006845474243164, 0.699475884437561, 0.6982623934745789, 0.6971917152404785, 0.695958137512207, 0.6953365802764893, 0.6942521333694458, 0.6932734251022339, 0.692461371421814, 0.6915025115013123, 0.6904940605163574, 0.6898443698883057, 0.6890714764595032, 0.688419759273529, 0.6874263286590576, 0.6868535280227661, 0.6860420107841492, 0.6850323677062988, 0.6841224431991577, 0.6830554008483887, 0.6822632551193237, 0.681705117225647, 0.6810978651046753, 0.6804527044296265, 0.679716944694519, 0.6789878606796265, 0.6783009171485901, 0.677749514579773, 0.6771200895309448, 0.6765086650848389, 0.6757944822311401, 0.6753359436988831, 0.674789547920227, 0.6744072437286377, 0.6735421419143677, 0.6729563474655151], 'val_precision': [0.3125, 0.3125, 0.3125, 0.3125, 0.2857142984867096, 0.2857142984867096, 0.2857142984867096, 0.3076923191547394, 0.3333333432674408, 0.3333333432674408, 0.27272728085517883, 0.27272728085517883, 0.2222222238779068, 0.2222222238779068, 0.25, 0.25, 0.25, 0.25, 0.25, 0.25, 0.2857142984867096, 0.2857142984867096, 0.1666666716337204, 0.1666666716337204, 0.20000000298023224, 0.20000000298023224, 0.20000000298023224, 0.20000000298023224, 0.20000000298023224, 0.25, 0.25, 0.25, 0.3333333432674408, 0.5, 1.0, 0.0, 0.0, 0.0, 0.0, 0.0, 0.0, 0.0, 0.0, 0.0, 0.0, 0.0, 0.0, 0.0, 0.0, 0.0], 'val_recall': [1.0, 1.0, 1.0, 1.0, 0.800000011920929, 0.800000011920929, 0.800000011920929, 0.800000011920929, 0.800000011920929, 0.800000011920929, 0.6000000238418579, 0.6000000238418579, 0.4000000059604645, 0.4000000059604645, 0.4000000059604645, 0.4000000059604645, 0.4000000059604645, 0.4000000059604645, 0.4000000059604645, 0.4000000059604645, 0.4000000059604645, 0.4000000059604645, 0.20000000298023224, 0.20000000298023224, 0.20000000298023224, 0.20000000298023224, 0.20000000298023224, 0.20000000298023224, 0.20000000298023224, 0.20000000298023224, 0.20000000298023224, 0.20000000298023224, 0.20000000298023224, 0.20000000298023224, 0.20000000298023224, 0.0, 0.0, 0.0, 0.0, 0.0, 0.0, 0.0, 0.0, 0.0, 0.0, 0.0, 0.0, 0.0, 0.0, 0.0]}","{'cnn_filters': 128, 'cnn_kernel': 7, 'lstm_units': 128, 'dnn_units': 128, 'dropout_rate': 0.5, 'learning_rate': 3.382974242476507e-05, 'batch_size': 128}",COMPLETE
21,0.608271598815918,2025-06-25 14:27:22.206255,2025-06-25 14:27:28.443495,0 days 00:00:06.237240,128,32,7,128,0.4,0.00019966079802870269,256,"{'accuracy': [0.484375, 0.484375, 0.609375, 0.53125, 0.546875, 0.46875, 0.53125, 0.4375, 0.6875, 0.515625, 0.484375, 0.5, 0.53125, 0.59375, 0.625, 0.484375, 0.53125, 0.46875, 0.546875, 0.625, 0.5, 0.546875, 0.546875, 0.59375, 0.625, 0.59375, 0.625, 0.640625, 0.703125, 0.5625, 0.65625, 0.5, 0.625, 0.546875], 'auc': [0.501953125, 0.486328125, 0.603515625, 0.5703125, 0.5732421875, 0.56005859375, 0.52099609375, 0.4482421875, 0.74560546875, 0.53466796875, 0.5107421875, 0.5078125, 0.576171875, 0.6220703125, 0.62255859375, 0.4833984375, 0.5634765625, 0.572265625, 0.5830078125, 0.6298828125, 0.47119140625, 0.60009765625, 0.62744140625, 0.67724609375, 0.6796875, 0.6484375, 0.630859375, 0.65625, 0.73974609375, 0.61865234375, 0.7001953125, 0.54345703125, 0.658203125, 0.59375], 'loss': [0.9621415138244629, 0.9224824905395508, 0.8694883584976196, 0.9824393391609192, 0.8458033800125122, 0.9470725059509277, 1.0083547830581665, 1.0580413341522217, 0.5975067615509033, 1.0321929454803467, 0.8944700956344604, 0.964824378490448, 0.8470685482025146, 0.7997541427612305, 0.8102954030036926, 1.0100674629211426, 0.8802717924118042, 0.8351742029190063, 0.8541510105133057, 0.8385818004608154, 1.0163185596466064, 0.7843893766403198, 0.7999118566513062, 0.6857497096061707, 0.7355688810348511, 0.7748280763626099, 0.7576870918273926, 0.7750507593154907, 0.6158853769302368, 0.8152304887771606, 0.6702654361724854, 0.8543832302093506, 0.8218220472335815, 0.8155378699302673], 'precision': [0.4848484992980957, 0.4838709533214569, 0.6000000238418579, 0.53125, 0.5428571701049805, 0.47058823704719543, 0.5277777910232544, 0.4375, 0.6764705777168274, 0.5151515007019043, 0.4848484992980957, 0.5, 0.53125, 0.5833333134651184, 0.6052631735801697, 0.48571428656578064, 0.5249999761581421, 0.4749999940395355, 0.5454545617103577, 0.625, 0.5, 0.5428571701049805, 0.5517241358757019, 0.59375, 0.6176470518112183, 0.5882353186607361, 0.6111111044883728, 0.6285714507102966, 0.7407407164573669, 0.5588235259056091, 0.625, 0.5, 0.6333333253860474, 0.5483871102333069], 'recall': [0.5, 0.46875, 0.65625, 0.53125, 0.59375, 0.5, 0.59375, 0.4375, 0.71875, 0.53125, 0.5, 0.5, 0.53125, 0.65625, 0.71875, 0.53125, 0.65625, 0.59375, 0.5625, 0.625, 0.53125, 0.59375, 0.5, 0.59375, 0.65625, 0.625, 0.6875, 0.6875, 0.625, 0.59375, 0.78125, 0.53125, 0.59375, 0.53125], 'val_accuracy': [0.3125, 0.3125, 0.375, 0.375, 0.5, 0.4375, 0.4375, 0.625, 0.75, 0.875, 0.8125, 0.75, 0.6875, 0.6875, 0.6875, 0.6875, 0.6875, 0.6875, 0.6875, 0.6875, 0.6875, 0.6875, 0.6875, 0.6875, 0.6875, 0.6875, 0.6875, 0.6875, 0.6875, 0.6875, 0.6875, 0.6875, 0.6875, 0.6875], 'val_auc': [0.7363636493682861, 0.7363636493682861, 0.7363636493682861, 0.7363636493682861, 0.7363636493682861, 0.7363636493682861, 0.7272727489471436, 0.7272727489471436, 0.718181848526001, 0.7272727489471436, 0.7272727489471436, 0.718181848526001, 0.7000000476837158, 0.7090909481048584, 0.6909091472625732, 0.7272727489471436, 0.6818182468414307, 0.7090909481048584, 0.7272727489471436, 0.7272727489471436, 0.6727272868156433, 0.7090909481048584, 0.6909090876579285, 0.699999988079071, 0.6818181872367859, 0.6727272272109985, 0.6818181872367859, 0.6636363863945007, 0.6727272868156433, 0.6818181872367859, 0.6545454263687134, 0.6454545259475708, 0.6272727251052856, 0.6272727251052856], 'val_loss': [0.7358863353729248, 0.7252155542373657, 0.7129510045051575, 0.7031629085540771, 0.6943051815032959, 0.6851279139518738, 0.6780728101730347, 0.6710084080696106, 0.6648896932601929, 0.6590484380722046, 0.6528314352035522, 0.6473326683044434, 0.6423983573913574, 0.6381576657295227, 0.6339620351791382, 0.6303728818893433, 0.6265290975570679, 0.6230109930038452, 0.6199348568916321, 0.6171761751174927, 0.6150951385498047, 0.613519012928009, 0.6120246052742004, 0.6108070611953735, 0.6098437309265137, 0.6091179847717285, 0.60857093334198, 0.6083174347877502, 0.608271598815918, 0.6083848476409912, 0.6086033582687378, 0.6088899374008179, 0.609150230884552, 0.6095317602157593], 'val_precision': [0.3125, 0.3125, 0.3333333432674408, 0.3333333432674408, 0.38461539149284363, 0.30000001192092896, 0.30000001192092896, 0.4285714328289032, 0.6000000238418579, 1.0, 1.0, 1.0, 0.0, 0.0, 0.0, 0.0, 0.0, 0.0, 0.0, 0.0, 0.0, 0.0, 0.0, 0.0, 0.0, 0.0, 0.0, 0.0, 0.0, 0.0, 0.0, 0.0, 0.0, 0.0], 'val_recall': [1.0, 1.0, 1.0, 1.0, 1.0, 0.6000000238418579, 0.6000000238418579, 0.6000000238418579, 0.6000000238418579, 0.6000000238418579, 0.4000000059604645, 0.20000000298023224, 0.0, 0.0, 0.0, 0.0, 0.0, 0.0, 0.0, 0.0, 0.0, 0.0, 0.0, 0.0, 0.0, 0.0, 0.0, 0.0, 0.0, 0.0, 0.0, 0.0, 0.0, 0.0]}","{'cnn_filters': 32, 'cnn_kernel': 7, 'lstm_units': 256, 'dnn_units': 128, 'dropout_rate': 0.4, 'learning_rate': 0.00019966079802870269, 'batch_size': 128}",COMPLETE
