number,value,datetime_start,datetime_complete,duration,params_batch_size,params_cnn_filters,params_cnn_kernel,params_dnn_units,params_dropout_rate,params_learning_rate,params_lstm_units,user_attrs_history,user_attrs_hyperparams,state
8,0.7714982032775879,2025-06-25 14:26:03.195992,2025-06-25 14:26:09.181959,0 days 00:00:05.985967,64,64,5,512,0.2,1.553694171317693e-05,64,"{'accuracy': [0.5, 0.53125, 0.5625, 0.5, 0.4375, 0.578125, 0.484375, 0.46875, 0.5, 0.5, 0.46875, 0.578125, 0.46875, 0.484375, 0.453125, 0.53125, 0.59375, 0.5, 0.421875, 0.53125, 0.4375, 0.515625, 0.4375, 0.484375, 0.453125, 0.59375, 0.46875, 0.578125, 0.53125, 0.46875, 0.484375, 0.625, 0.515625, 0.53125, 0.5, 0.5, 0.46875, 0.5625, 0.515625, 0.484375, 0.5625, 0.515625, 0.5625, 0.421875, 0.53125, 0.59375, 0.515625, 0.46875, 0.5625, 0.5], 'auc': [0.462890625, 0.53564453125, 0.49267578125, 0.49560546875, 0.3818359375, 0.546875, 0.49951171875, 0.5263671875, 0.53173828125, 0.46630859375, 0.44775390625, 0.5361328125, 0.44482421875, 0.5419921875, 0.41650390625, 0.55810546875, 0.58251953125, 0.5341796875, 0.359375, 0.51123046875, 0.46533203125, 0.49267578125, 0.4619140625, 0.43603515625, 0.42578125, 0.5966796875, 0.44775390625, 0.591796875, 0.5634765625, 0.509765625, 0.50439453125, 0.60302734375, 0.51123046875, 0.51171875, 0.560546875, 0.48583984375, 0.46533203125, 0.611328125, 0.5341796875, 0.45361328125, 0.583984375, 0.47314453125, 0.5341796875, 0.49267578125, 0.64013671875, 0.63134765625, 0.5712890625, 0.462890625, 0.5322265625, 0.4248046875], 'loss': [0.9024261832237244, 0.8693151473999023, 0.9124934077262878, 0.933097779750824, 1.0221108198165894, 0.8594696521759033, 0.9166321158409119, 0.8334592580795288, 0.8970274925231934, 0.9646730422973633, 0.95392906665802, 0.9247549772262573, 0.9676631689071655, 0.8297209739685059, 0.9845950603485107, 0.7992246150970459, 0.787289023399353, 0.8357735872268677, 1.0840349197387695, 0.9974146485328674, 0.9211305379867554, 0.887830376625061, 0.9952062368392944, 1.0110127925872803, 0.9683773517608643, 0.7429600954055786, 0.9053817391395569, 0.7604502439498901, 0.8192810416221619, 0.9046522974967957, 0.8786875009536743, 0.7870764136314392, 0.873416543006897, 0.8956508636474609, 0.8306281566619873, 0.9623472690582275, 0.8823657035827637, 0.763396143913269, 0.8718767762184143, 0.8967805504798889, 0.7607219815254211, 0.9501915574073792, 0.8337634801864624, 0.9227584004402161, 0.7183877229690552, 0.7334783673286438, 0.7916406989097595, 0.9147407412528992, 0.8602052330970764, 0.9862716794013977], 'precision': [0.5, 0.5277777910232544, 0.5555555820465088, 0.5, 0.4375, 0.5757575631141663, 0.4838709533214569, 0.46666666865348816, 0.5, 0.5, 0.47058823704719543, 0.5714285969734192, 0.47058823704719543, 0.4848484992980957, 0.4571428596973419, 0.529411792755127, 0.59375, 0.5, 0.4137931168079376, 0.529411792755127, 0.4444444477558136, 0.5161290168762207, 0.4285714328289032, 0.4871794879436493, 0.4516128897666931, 0.5882353186607361, 0.46875, 0.5757575631141663, 0.53125, 0.4722222089767456, 0.48571428656578064, 0.6333333253860474, 0.5161290168762207, 0.53125, 0.5, 0.5, 0.4642857015132904, 0.5555555820465088, 0.517241358757019, 0.4848484992980957, 0.5526315569877625, 0.5161290168762207, 0.5555555820465088, 0.4285714328289032, 0.5263158082962036, 0.59375, 0.5161290168762207, 0.4615384638309479, 0.5714285969734192, 0.5], 'recall': [0.5625, 0.59375, 0.625, 0.53125, 0.4375, 0.59375, 0.46875, 0.4375, 0.46875, 0.53125, 0.5, 0.625, 0.5, 0.5, 0.5, 0.5625, 0.59375, 0.53125, 0.375, 0.5625, 0.5, 0.5, 0.375, 0.59375, 0.4375, 0.625, 0.46875, 0.59375, 0.53125, 0.53125, 0.53125, 0.59375, 0.5, 0.53125, 0.5, 0.4375, 0.40625, 0.625, 0.46875, 0.5, 0.65625, 0.5, 0.625, 0.46875, 0.625, 0.59375, 0.5, 0.375, 0.5, 0.53125], 'val_accuracy': [0.3125, 0.3125, 0.3125, 0.3125, 0.3125, 0.3125, 0.3125, 0.3125, 0.3125, 0.3125, 0.3125, 0.3125, 0.3125, 0.3125, 0.3125, 0.3125, 0.3125, 0.3125, 0.3125, 0.3125, 0.3125, 0.3125, 0.3125, 0.3125, 0.3125, 0.3125, 0.3125, 0.3125, 0.3125, 0.3125, 0.3125, 0.3125, 0.3125, 0.3125, 0.3125, 0.3125, 0.3125, 0.3125, 0.3125, 0.3125, 0.3125, 0.3125, 0.3125, 0.3125, 0.3125, 0.3125, 0.3125, 0.3125, 0.3125, 0.3125], 'val_auc': [0.3909090757369995, 0.38181817531585693, 0.38181817531585693, 0.38181817531585693, 0.4000000059604645, 0.4000000059604645, 0.4000000059604645, 0.40000003576278687, 0.40909093618392944, 0.418181836605072, 0.418181836605072, 0.418181836605072, 0.418181836605072, 0.4272727072238922, 0.4272727072238922, 0.4272727072238922, 0.4272727072238922, 0.4272727072238922, 0.4272727072238922, 0.4272727072238922, 0.4272727072238922, 0.37272727489471436, 0.3909090757369995, 0.3909090757369995, 0.38181817531585693, 0.38181817531585693, 0.3909090757369995, 0.3909090757369995, 0.3909090757369995, 0.3909090757369995, 0.3999999761581421, 0.3999999761581421, 0.40909090638160706, 0.40909090638160706, 0.40909090638160706, 0.40909090638160706, 0.41818180680274963, 0.4000000059604645, 0.40909090638160706, 0.3999999761581421, 0.40909087657928467, 0.40909090638160706, 0.40909087657928467, 0.418181836605072, 0.4272727370262146, 0.4363636374473572, 0.44545453786849976, 0.45454543828964233, 0.4272727072238922, 0.4272727072238922], 'val_loss': [0.7864788770675659, 0.7865418791770935, 0.7861711382865906, 0.7857468724250793, 0.7853977680206299, 0.7847528457641602, 0.784475564956665, 0.7843246459960938, 0.7835647463798523, 0.7834262251853943, 0.7831870317459106, 0.7830430269241333, 0.7829653024673462, 0.7821778059005737, 0.7817280888557434, 0.78154456615448, 0.7809269428253174, 0.7807412147521973, 0.7805904150009155, 0.7805543541908264, 0.7798546552658081, 0.7796694040298462, 0.7796906232833862, 0.7796033024787903, 0.7795937061309814, 0.7794923782348633, 0.7791098356246948, 0.7790104150772095, 0.7786699533462524, 0.7784548401832581, 0.7780581116676331, 0.7777742147445679, 0.7775789499282837, 0.7774546146392822, 0.7770828604698181, 0.7768731713294983, 0.7768700122833252, 0.7762281894683838, 0.7759599685668945, 0.77522873878479, 0.7749707102775574, 0.774199366569519, 0.7741650342941284, 0.7737399339675903, 0.7734465003013611, 0.7731680274009705, 0.7727463245391846, 0.7723453044891357, 0.7719805240631104, 0.7714982032775879], 'val_precision': [0.3125, 0.3125, 0.3125, 0.3125, 0.3125, 0.3125, 0.3125, 0.3125, 0.3125, 0.3125, 0.3125, 0.3125, 0.3125, 0.3125, 0.3125, 0.3125, 0.3125, 0.3125, 0.3125, 0.3125, 0.3125, 0.3125, 0.3125, 0.3125, 0.3125, 0.3125, 0.3125, 0.3125, 0.3125, 0.3125, 0.3125, 0.3125, 0.3125, 0.3125, 0.3125, 0.3125, 0.3125, 0.3125, 0.3125, 0.3125, 0.3125, 0.3125, 0.3125, 0.3125, 0.3125, 0.3125, 0.3125, 0.3125, 0.3125, 0.3125], 'val_recall': [1.0, 1.0, 1.0, 1.0, 1.0, 1.0, 1.0, 1.0, 1.0, 1.0, 1.0, 1.0, 1.0, 1.0, 1.0, 1.0, 1.0, 1.0, 1.0, 1.0, 1.0, 1.0, 1.0, 1.0, 1.0, 1.0, 1.0, 1.0, 1.0, 1.0, 1.0, 1.0, 1.0, 1.0, 1.0, 1.0, 1.0, 1.0, 1.0, 1.0, 1.0, 1.0, 1.0, 1.0, 1.0, 1.0, 1.0, 1.0, 1.0, 1.0]}","{'cnn_filters': 64, 'cnn_kernel': 5, 'lstm_units': 64, 'dnn_units': 512, 'dropout_rate': 0.2, 'learning_rate': 1.553694171317693e-05, 'batch_size': 64}",COMPLETE
9,0.6558851003646851,2025-06-25 14:26:09.182407,2025-06-25 14:26:13.722113,0 days 00:00:04.539706,128,32,5,128,0.1,0.00031575790365726545,256,"{'accuracy': [0.4375, 0.515625, 0.53125, 0.65625, 0.640625, 0.65625, 0.65625, 0.734375, 0.71875, 0.859375, 0.8125, 0.84375, 0.859375, 0.921875, 0.890625, 0.890625, 0.890625, 0.90625, 0.96875], 'auc': [0.40673828125, 0.49853515625, 0.59375, 0.69970703125, 0.6787109375, 0.7119140625, 0.6875, 0.77978515625, 0.822265625, 0.91064453125, 0.86474609375, 0.8935546875, 0.912109375, 0.97607421875, 0.966796875, 0.9453125, 0.94140625, 0.98388671875, 0.994140625], 'loss': [0.9793056845664978, 0.8626479506492615, 0.698594331741333, 0.6488747596740723, 0.6370203495025635, 0.6289727687835693, 0.6647645235061646, 0.5557475686073303, 0.5081770420074463, 0.42619937658309937, 0.4636082649230957, 0.4125175178050995, 0.3977632224559784, 0.3168187141418457, 0.30951178073883057, 0.34063756465911865, 0.3295127749443054, 0.2641439437866211, 0.23228323459625244], 'precision': [0.4333333373069763, 0.517241358757019, 0.5384615659713745, 0.65625, 0.6363636255264282, 0.65625, 0.6470588445663452, 0.7027027010917664, 0.7333333492279053, 0.8285714387893677, 0.8333333134651184, 0.84375, 0.8484848737716675, 0.9354838728904724, 0.837837815284729, 0.8787878751754761, 0.8787878751754761, 0.8611111044883728, 0.9411764740943909], 'recall': [0.40625, 0.46875, 0.4375, 0.65625, 0.65625, 0.65625, 0.6875, 0.8125, 0.6875, 0.90625, 0.78125, 0.84375, 0.875, 0.90625, 0.96875, 0.90625, 0.90625, 0.96875, 1.0], 'val_accuracy': [0.3125, 0.3125, 0.3125, 0.3125, 0.5, 0.4375, 0.5, 0.5625, 0.625, 0.625, 0.625, 0.625, 0.625, 0.625, 0.625, 0.625, 0.625, 0.625, 0.625], 'val_auc': [0.4272727370262146, 0.4545454680919647, 0.44545453786849976, 0.4272727370262146, 0.4636363685131073, 0.5, 0.48181816935539246, 0.5181818008422852, 0.5, 0.5090909004211426, 0.5181818008422852, 0.5272727012634277, 0.5363636016845703, 0.5363636016845703, 0.5363636016845703, 0.5272727012634277, 0.5454545021057129, 0.5363636612892151, 0.5363636016845703], 'val_loss': [0.838202953338623, 0.7990336418151855, 0.7652621269226074, 0.7387786507606506, 0.7163911461830139, 0.6991903185844421, 0.6851688623428345, 0.6744294166564941, 0.6672928333282471, 0.6621415615081787, 0.6591110229492188, 0.6570518612861633, 0.6559544801712036, 0.6558851003646851, 0.6559017896652222, 0.6563600897789001, 0.6573086977005005, 0.6584709286689758, 0.6595474481582642], 'val_precision': [0.3125, 0.3125, 0.3125, 0.3125, 0.38461539149284363, 0.30000001192092896, 0.20000000298023224, 0.25, 0.0, 0.0, 0.0, 0.0, 0.0, 0.0, 0.0, 0.0, 0.0, 0.0, 0.0], 'val_recall': [1.0, 1.0, 1.0, 1.0, 1.0, 0.6000000238418579, 0.20000000298023224, 0.20000000298023224, 0.0, 0.0, 0.0, 0.0, 0.0, 0.0, 0.0, 0.0, 0.0, 0.0, 0.0]}","{'cnn_filters': 32, 'cnn_kernel': 5, 'lstm_units': 256, 'dnn_units': 128, 'dropout_rate': 0.1, 'learning_rate': 0.00031575790365726545, 'batch_size': 128}",COMPLETE
10,0.6535046100616455,2025-06-25 14:26:13.723218,2025-06-25 14:26:21.692377,0 days 00:00:07.969159,64,128,7,128,0.5,5.1673157857976804e-05,128,"{'accuracy': [0.421875, 0.53125, 0.421875, 0.5, 0.625, 0.5, 0.53125, 0.546875, 0.578125, 0.546875, 0.5, 0.5, 0.453125, 0.46875, 0.546875, 0.609375, 0.515625, 0.5625, 0.59375, 0.515625, 0.5625, 0.515625, 0.53125, 0.546875, 0.515625, 0.5, 0.546875, 0.5625, 0.5625, 0.46875, 0.484375, 0.453125, 0.46875, 0.5625, 0.515625, 0.484375, 0.46875, 0.515625, 0.625, 0.484375, 0.546875, 0.421875, 0.53125, 0.515625, 0.53125, 0.5625, 0.515625, 0.640625, 0.578125, 0.421875], 'auc': [0.4775390625, 0.56396484375, 0.39599609375, 0.48486328125, 0.611328125, 0.44970703125, 0.44970703125, 0.51904296875, 0.4951171875, 0.54296875, 0.46435546875, 0.5498046875, 0.43359375, 0.47900390625, 0.64599609375, 0.55126953125, 0.59033203125, 0.5537109375, 0.5869140625, 0.50341796875, 0.53564453125, 0.54736328125, 0.59228515625, 0.5302734375, 0.568359375, 0.51220703125, 0.599609375, 0.55810546875, 0.556640625, 0.48193359375, 0.44775390625, 0.47802734375, 0.46630859375, 0.53369140625, 0.51416015625, 0.57568359375, 0.5234375, 0.56298828125, 0.6376953125, 0.4912109375, 0.54443359375, 0.50732421875, 0.59423828125, 0.55517578125, 0.59521484375, 0.6123046875, 0.56884765625, 0.75390625, 0.60986328125, 0.40625], 'loss': [0.9909896850585938, 0.8800257444381714, 1.145334243774414, 0.9543070793151855, 0.8343340158462524, 1.0970454216003418, 1.0257785320281982, 0.9701189398765564, 0.9732622504234314, 1.0525463819503784, 0.9379751682281494, 0.9599146842956543, 1.1110773086547852, 1.0450118780136108, 0.7104530334472656, 0.9565786123275757, 0.8072466850280762, 0.9148374199867249, 0.8269428610801697, 0.9346725940704346, 0.9456278085708618, 0.9053565263748169, 0.8375856876373291, 0.8558651208877563, 0.9154075384140015, 1.0118378400802612, 0.8457714319229126, 0.8866376876831055, 0.8899624347686768, 1.0935847759246826, 1.0780094861984253, 0.9990254044532776, 0.9639134407043457, 0.9395571947097778, 0.9545940160751343, 0.9220023155212402, 0.8473003506660461, 0.8376443982124329, 0.802634596824646, 1.0334415435791016, 0.8676472902297974, 0.9435453414916992, 0.8317105770111084, 0.9394306540489197, 0.8745570182800293, 0.8146167993545532, 0.8736709952354431, 0.6397680640220642, 0.8293724656105042, 1.183483600616455], 'precision': [0.4193548262119293, 0.529411792755127, 0.4285714328289032, 0.5, 0.6111111044883728, 0.5, 0.5277777910232544, 0.5428571701049805, 0.6000000238418579, 0.5454545617103577, 0.5, 0.5, 0.4571428596973419, 0.4642857015132904, 0.5483871102333069, 0.6296296119689941, 0.5142857432365417, 0.5625, 0.59375, 0.5151515007019043, 0.5666666626930237, 0.5161290168762207, 0.529411792755127, 0.5428571701049805, 0.517241358757019, 0.5, 0.5454545617103577, 0.5666666626930237, 0.5769230723381042, 0.4722222089767456, 0.4848484992980957, 0.4545454680919647, 0.4642857015132904, 0.5625, 0.5161290168762207, 0.48571428656578064, 0.4736842215061188, 0.5142857432365417, 0.6176470518112183, 0.4848484992980957, 0.5428571701049805, 0.4137931168079376, 0.5333333611488342, 0.5142857432365417, 0.5384615659713745, 0.5625, 0.5161290168762207, 0.695652186870575, 0.5806451439857483, 0.4324324429035187], 'recall': [0.40625, 0.5625, 0.46875, 0.46875, 0.6875, 0.46875, 0.59375, 0.59375, 0.46875, 0.5625, 0.53125, 0.59375, 0.5, 0.40625, 0.53125, 0.53125, 0.5625, 0.5625, 0.59375, 0.53125, 0.53125, 0.5, 0.5625, 0.59375, 0.46875, 0.5, 0.5625, 0.53125, 0.46875, 0.53125, 0.5, 0.46875, 0.40625, 0.5625, 0.5, 0.53125, 0.5625, 0.5625, 0.65625, 0.5, 0.59375, 0.375, 0.5, 0.5625, 0.4375, 0.5625, 0.5, 0.5, 0.5625, 0.5], 'val_accuracy': [0.5625, 0.625, 0.625, 0.625, 0.625, 0.6875, 0.6875, 0.6875, 0.6875, 0.6875, 0.6875, 0.6875, 0.6875, 0.6875, 0.6875, 0.6875, 0.6875, 0.6875, 0.6875, 0.6875, 0.6875, 0.6875, 0.6875, 0.6875, 0.6875, 0.6875, 0.6875, 0.6875, 0.625, 0.6875, 0.625, 0.625, 0.625, 0.625, 0.625, 0.625, 0.625, 0.625, 0.625, 0.625, 0.625, 0.625, 0.625, 0.625, 0.625, 0.625, 0.625, 0.625, 0.625, 0.625], 'val_auc': [0.48181819915771484, 0.4909090995788574, 0.4909090995788574, 0.4909090995788574, 0.5, 0.4909090995788574, 0.4909090995788574, 0.49090906977653503, 0.4909090995788574, 0.4909090995788574, 0.48181819915771484, 0.4909090995788574, 0.4909090995788574, 0.5090909004211426, 0.48181819915771484, 0.4909090995788574, 0.4909090995788574, 0.5181818008422852, 0.48181819915771484, 0.48181819915771484, 0.4909090995788574, 0.4909090995788574, 0.48181819915771484, 0.49090906977653503, 0.4909090995788574, 0.5, 0.5090909004211426, 0.48181816935539246, 0.4909090995788574, 0.4909090995788574, 0.5, 0.5, 0.48181819915771484, 0.5, 0.4909090995788574, 0.4909090995788574, 0.45454543828964233, 0.5090909004211426, 0.4909090995788574, 0.48181816935539246, 0.4636363685131073, 0.47272729873657227, 0.5, 0.4909090995788574, 0.47272729873657227, 0.4727272689342499, 0.48181819915771484, 0.48181819915771484, 0.47272729873657227, 0.47272729873657227], 'val_loss': [0.6832444071769714, 0.6824502944946289, 0.6819316148757935, 0.6811227798461914, 0.6805424690246582, 0.6798961162567139, 0.6793588995933533, 0.6787445545196533, 0.6782186627388, 0.6780576705932617, 0.677191972732544, 0.6766362190246582, 0.6760508418083191, 0.6754090785980225, 0.67448490858078, 0.6737022399902344, 0.6729604005813599, 0.6722412705421448, 0.6715914011001587, 0.6709325313568115, 0.6701575517654419, 0.669487476348877, 0.6685782670974731, 0.6679202318191528, 0.6674453020095825, 0.6668577194213867, 0.6664420962333679, 0.6659019589424133, 0.6654449701309204, 0.6652417182922363, 0.6647456288337708, 0.664058268070221, 0.6635554432868958, 0.6631679534912109, 0.6626414060592651, 0.6617711782455444, 0.6611267924308777, 0.6603894233703613, 0.6597540378570557, 0.6591213345527649, 0.6586047410964966, 0.6579852104187012, 0.6575132608413696, 0.6570268869400024, 0.6565814018249512, 0.6559615135192871, 0.6553026437759399, 0.6545595526695251, 0.6539943814277649, 0.6535046100616455], 'val_precision': [0.25, 0.3333333432674408, 0.3333333432674408, 0.3333333432674408, 0.3333333432674408, 0.5, 0.5, 0.5, 0.5, 0.5, 0.5, 0.5, 0.5, 0.5, 0.5, 0.5, 0.5, 0.5, 0.5, 0.5, 0.5, 0.5, 0.5, 0.5, 0.5, 0.5, 0.5, 0.5, 0.0, 0.5, 0.0, 0.0, 0.0, 0.0, 0.0, 0.0, 0.0, 0.0, 0.0, 0.0, 0.0, 0.0, 0.0, 0.0, 0.0, 0.0, 0.0, 0.0, 0.0, 0.0], 'val_recall': [0.20000000298023224, 0.20000000298023224, 0.20000000298023224, 0.20000000298023224, 0.20000000298023224, 0.20000000298023224, 0.20000000298023224, 0.20000000298023224, 0.20000000298023224, 0.20000000298023224, 0.20000000298023224, 0.20000000298023224, 0.20000000298023224, 0.20000000298023224, 0.20000000298023224, 0.20000000298023224, 0.20000000298023224, 0.20000000298023224, 0.20000000298023224, 0.20000000298023224, 0.20000000298023224, 0.20000000298023224, 0.20000000298023224, 0.20000000298023224, 0.20000000298023224, 0.20000000298023224, 0.20000000298023224, 0.20000000298023224, 0.0, 0.20000000298023224, 0.0, 0.0, 0.0, 0.0, 0.0, 0.0, 0.0, 0.0, 0.0, 0.0, 0.0, 0.0, 0.0, 0.0, 0.0, 0.0, 0.0, 0.0, 0.0, 0.0]}","{'cnn_filters': 128, 'cnn_kernel': 7, 'lstm_units': 128, 'dnn_units': 128, 'dropout_rate': 0.5, 'learning_rate': 5.1673157857976804e-05, 'batch_size': 64}",COMPLETE
