number,value,datetime_start,datetime_complete,duration,params_batch_size,params_cnn_filters,params_cnn_kernel,params_dnn_units,params_dropout_rate,params_learning_rate,params_lstm_units,user_attrs_history,user_attrs_hyperparams,state
28,0.674105167388916,2025-06-25 14:28:05.934445,2025-06-25 14:28:12.147118,0 days 00:00:06.212673,128,32,7,512,0.5,9.011302635280249e-05,256,"{'accuracy': [0.546875, 0.4375, 0.4375, 0.4375, 0.5625, 0.546875, 0.546875, 0.390625, 0.5, 0.546875, 0.515625, 0.484375, 0.5625, 0.546875, 0.453125, 0.40625, 0.5, 0.515625, 0.4375, 0.53125, 0.546875, 0.515625, 0.53125, 0.53125, 0.59375, 0.4375, 0.53125, 0.5, 0.515625, 0.515625, 0.5, 0.5625, 0.53125, 0.5, 0.5, 0.5625, 0.609375, 0.640625, 0.46875, 0.53125, 0.546875, 0.484375], 'auc': [0.54736328125, 0.42529296875, 0.4775390625, 0.4267578125, 0.55859375, 0.572265625, 0.61669921875, 0.404296875, 0.48388671875, 0.5439453125, 0.4951171875, 0.47314453125, 0.54345703125, 0.55859375, 0.48046875, 0.4619140625, 0.546875, 0.4873046875, 0.4091796875, 0.458984375, 0.62890625, 0.544921875, 0.5576171875, 0.55810546875, 0.5458984375, 0.43994140625, 0.5185546875, 0.4990234375, 0.56396484375, 0.54443359375, 0.48486328125, 0.5322265625, 0.54443359375, 0.48583984375, 0.5146484375, 0.50830078125, 0.6669921875, 0.65625, 0.49365234375, 0.54345703125, 0.54736328125, 0.45751953125], 'loss': [1.0758144855499268, 1.2170772552490234, 1.0605885982513428, 1.0825080871582031, 0.9541904926300049, 0.9244105219841003, 0.8668656349182129, 1.246493935585022, 1.089163899421692, 1.04071843624115, 1.135370135307312, 1.0483039617538452, 0.9616401791572571, 1.0369538068771362, 1.219857931137085, 1.1138594150543213, 0.8997811079025269, 1.210477352142334, 1.2589588165283203, 1.3179619312286377, 0.8245206475257874, 0.9282623529434204, 0.9987481236457825, 0.921856164932251, 0.9119267463684082, 1.091997742652893, 1.0402302742004395, 1.0998245477676392, 0.9642670154571533, 1.0243823528289795, 0.9822938442230225, 0.9773179888725281, 1.0215187072753906, 0.9792941808700562, 1.0427777767181396, 1.038517951965332, 0.7884140014648438, 0.7965759038925171, 1.0777004957199097, 0.9387393593788147, 0.9493222236633301, 1.0639292001724243], 'precision': [0.5428571701049805, 0.4444444477558136, 0.44736841320991516, 0.42307692766189575, 0.5666666626930237, 0.5483871102333069, 0.5517241358757019, 0.39393940567970276, 0.5, 0.5428571701049805, 0.5135135054588318, 0.4848484992980957, 0.5625, 0.5454545617103577, 0.4571428596973419, 0.4000000059604645, 0.5, 0.517241358757019, 0.44117647409439087, 0.5384615659713745, 0.5428571701049805, 0.5142857432365417, 0.5277777910232544, 0.5277777910232544, 0.59375, 0.44117647409439087, 0.53125, 0.5, 0.5142857432365417, 0.517241358757019, 0.5, 0.5666666626930237, 0.529411792755127, 0.5, 0.5, 0.5714285969734192, 0.6206896305084229, 0.6551724076271057, 0.4615384638309479, 0.5384615659713745, 0.5454545617103577, 0.48571428656578064], 'recall': [0.59375, 0.5, 0.53125, 0.34375, 0.53125, 0.53125, 0.5, 0.40625, 0.53125, 0.59375, 0.59375, 0.5, 0.5625, 0.5625, 0.5, 0.375, 0.4375, 0.46875, 0.46875, 0.4375, 0.59375, 0.5625, 0.59375, 0.59375, 0.59375, 0.46875, 0.53125, 0.53125, 0.5625, 0.46875, 0.5, 0.53125, 0.5625, 0.40625, 0.53125, 0.5, 0.5625, 0.59375, 0.375, 0.4375, 0.5625, 0.53125], 'val_accuracy': [0.375, 0.375, 0.375, 0.375, 0.4375, 0.4375, 0.375, 0.375, 0.375, 0.375, 0.375, 0.375, 0.3125, 0.375, 0.4375, 0.5, 0.5, 0.5625, 0.5625, 0.625, 0.625, 0.625, 0.625, 0.6875, 0.6875, 0.6875, 0.6875, 0.6875, 0.6875, 0.6875, 0.6875, 0.6875, 0.6875, 0.6875, 0.6875, 0.6875, 0.6875, 0.6875, 0.6875, 0.6875, 0.6875, 0.6875], 'val_auc': [0.2909091114997864, 0.290909081697464, 0.30000001192092896, 0.30909091234207153, 0.2909091114997864, 0.2909091114997864, 0.2909091114997864, 0.2909091114997864, 0.2909091114997864, 0.2818181812763214, 0.2909091114997864, 0.30000001192092896, 0.30000001192092896, 0.30000001192092896, 0.2909091114997864, 0.2909091114997864, 0.27272728085517883, 0.2818181812763214, 0.27272728085517883, 0.26363635063171387, 0.26363635063171387, 0.27272725105285645, 0.26363635063171387, 0.2545454502105713, 0.2545454502105713, 0.2545454502105713, 0.26363635063171387, 0.26363635063171387, 0.26363635063171387, 0.26363635063171387, 0.27272728085517883, 0.27272728085517883, 0.27272728085517883, 0.27272728085517883, 0.2818181812763214, 0.27272725105285645, 0.26363635063171387, 0.27272728085517883, 0.2818181812763214, 0.27272728085517883, 0.27272728085517883, 0.27272728085517883], 'val_loss': [0.7426570653915405, 0.738249659538269, 0.7330109477043152, 0.7286640405654907, 0.7246986627578735, 0.7216300368309021, 0.7179657220840454, 0.714777946472168, 0.7118132710456848, 0.709636926651001, 0.7076336145401001, 0.7053499817848206, 0.7030648589134216, 0.7008934020996094, 0.6989896297454834, 0.696773111820221, 0.6946315169334412, 0.6923760175704956, 0.6903508901596069, 0.6886866092681885, 0.6872594356536865, 0.6860240697860718, 0.6846474409103394, 0.6834506988525391, 0.6820530891418457, 0.6806395053863525, 0.6796855926513672, 0.6786538362503052, 0.6776542663574219, 0.676856279373169, 0.6761817932128906, 0.6756656765937805, 0.6752337217330933, 0.6749378442764282, 0.6744502782821655, 0.6742763519287109, 0.674105167388916, 0.6741636395454407, 0.6743016839027405, 0.6744865775108337, 0.6748123168945312, 0.6751893758773804], 'val_precision': [0.27272728085517883, 0.2222222238779068, 0.2222222238779068, 0.2222222238779068, 0.25, 0.25, 0.1428571492433548, 0.1428571492433548, 0.1428571492433548, 0.1428571492433548, 0.1428571492433548, 0.1428571492433548, 0.0, 0.0, 0.0, 0.0, 0.0, 0.0, 0.0, 0.0, 0.0, 0.0, 0.0, 0.0, 0.0, 0.0, 0.0, 0.0, 0.0, 0.0, 0.0, 0.0, 0.0, 0.0, 0.0, 0.0, 0.0, 0.0, 0.0, 0.0, 0.0, 0.0], 'val_recall': [0.6000000238418579, 0.4000000059604645, 0.4000000059604645, 0.4000000059604645, 0.4000000059604645, 0.4000000059604645, 0.20000000298023224, 0.20000000298023224, 0.20000000298023224, 0.20000000298023224, 0.20000000298023224, 0.20000000298023224, 0.0, 0.0, 0.0, 0.0, 0.0, 0.0, 0.0, 0.0, 0.0, 0.0, 0.0, 0.0, 0.0, 0.0, 0.0, 0.0, 0.0, 0.0, 0.0, 0.0, 0.0, 0.0, 0.0, 0.0, 0.0, 0.0, 0.0, 0.0, 0.0, 0.0]}","{'cnn_filters': 32, 'cnn_kernel': 7, 'lstm_units': 256, 'dnn_units': 512, 'dropout_rate': 0.5, 'learning_rate': 9.011302635280249e-05, 'batch_size': 128}",COMPLETE
29,0.6060566902160645,2025-06-25 14:28:12.147958,2025-06-25 14:28:20.754064,0 days 00:00:08.606106,64,128,7,256,0.4,0.00029663429364937575,128,"{'accuracy': [0.59375, 0.578125, 0.546875, 0.5, 0.546875, 0.578125, 0.5, 0.515625, 0.59375, 0.53125, 0.546875, 0.59375, 0.59375, 0.609375, 0.5625, 0.65625, 0.609375, 0.65625, 0.515625, 0.484375, 0.703125, 0.625, 0.59375, 0.6875, 0.5625, 0.671875, 0.8125, 0.640625, 0.609375, 0.6875, 0.59375, 0.65625, 0.625, 0.75, 0.578125, 0.59375, 0.671875, 0.734375, 0.65625, 0.6875, 0.8125, 0.59375, 0.65625, 0.71875, 0.6875, 0.625, 0.6875, 0.6875, 0.609375, 0.8125], 'auc': [0.63427734375, 0.564453125, 0.56884765625, 0.49072265625, 0.498046875, 0.599609375, 0.4384765625, 0.513671875, 0.58544921875, 0.61279296875, 0.52099609375, 0.67724609375, 0.66455078125, 0.6806640625, 0.5947265625, 0.7373046875, 0.63232421875, 0.70703125, 0.55615234375, 0.5673828125, 0.72900390625, 0.71435546875, 0.64208984375, 0.771484375, 0.56298828125, 0.767578125, 0.8505859375, 0.74755859375, 0.63623046875, 0.76513671875, 0.63427734375, 0.681640625, 0.724609375, 0.802734375, 0.615234375, 0.6552734375, 0.75341796875, 0.80322265625, 0.732421875, 0.7763671875, 0.873046875, 0.6923828125, 0.71875, 0.7568359375, 0.71923828125, 0.74169921875, 0.8037109375, 0.748046875, 0.71875, 0.84375], 'loss': [0.7847212553024292, 0.8325034976005554, 0.8258565664291382, 0.9883613586425781, 1.0117006301879883, 0.820613443851471, 1.1476225852966309, 1.0126838684082031, 0.8661022186279297, 0.8955119252204895, 0.8421573638916016, 0.720428466796875, 0.7400763034820557, 0.6881800889968872, 0.8178638815879822, 0.6317363977432251, 0.782313346862793, 0.7052220106124878, 0.9811862111091614, 0.9178799390792847, 0.6569649577140808, 0.6266117095947266, 0.7823304533958435, 0.595130205154419, 0.8951305747032166, 0.5989223122596741, 0.49756747484207153, 0.6453933715820312, 0.8588513135910034, 0.6077386736869812, 0.8331236839294434, 0.6877294778823853, 0.6572061777114868, 0.578548789024353, 0.7831405401229858, 0.7386665344238281, 0.6045879125595093, 0.5549769401550293, 0.6866728663444519, 0.5845397114753723, 0.4293193817138672, 0.7500283718109131, 0.6857942342758179, 0.6435225605964661, 0.6718540191650391, 0.6341047286987305, 0.5590999126434326, 0.6350975632667542, 0.6804013252258301, 0.5129190683364868], 'precision': [0.6000000238418579, 0.5675675868988037, 0.5405405163764954, 0.5, 0.5483871102333069, 0.5806451439857483, 0.5, 0.5142857432365417, 0.5882353186607361, 0.5277777910232544, 0.5483871102333069, 0.6153846383094788, 0.6000000238418579, 0.6060606241226196, 0.5588235259056091, 0.6470588445663452, 0.6000000238418579, 0.6470588445663452, 0.5151515007019043, 0.4838709533214569, 0.7096773982048035, 0.625, 0.5789473652839661, 0.6875, 0.5588235259056091, 0.6774193644523621, 0.7941176295280457, 0.6363636255264282, 0.6129032373428345, 0.6875, 0.59375, 0.6785714030265808, 0.6052631735801697, 0.7352941036224365, 0.5675675868988037, 0.59375, 0.6774193644523621, 0.7272727489471436, 0.6470588445663452, 0.6666666865348816, 0.7941176295280457, 0.59375, 0.6666666865348816, 0.75, 0.7142857313156128, 0.6111111044883728, 0.6875, 0.6875, 0.6296296119689941, 0.8333333134651184], 'recall': [0.5625, 0.65625, 0.625, 0.5, 0.53125, 0.5625, 0.46875, 0.5625, 0.625, 0.59375, 0.53125, 0.5, 0.5625, 0.625, 0.59375, 0.6875, 0.65625, 0.6875, 0.53125, 0.46875, 0.6875, 0.625, 0.6875, 0.6875, 0.59375, 0.65625, 0.84375, 0.65625, 0.59375, 0.6875, 0.59375, 0.59375, 0.71875, 0.78125, 0.65625, 0.59375, 0.65625, 0.75, 0.6875, 0.75, 0.84375, 0.59375, 0.625, 0.65625, 0.625, 0.6875, 0.6875, 0.6875, 0.53125, 0.78125], 'val_accuracy': [0.375, 0.5, 0.5625, 0.6875, 0.6875, 0.6875, 0.6875, 0.6875, 0.6875, 0.6875, 0.6875, 0.6875, 0.6875, 0.6875, 0.6875, 0.6875, 0.6875, 0.6875, 0.6875, 0.6875, 0.6875, 0.6875, 0.6875, 0.6875, 0.6875, 0.6875, 0.6875, 0.6875, 0.6875, 0.6875, 0.6875, 0.6875, 0.6875, 0.6875, 0.6875, 0.6875, 0.6875, 0.6875, 0.6875, 0.6875, 0.6875, 0.6875, 0.6875, 0.6875, 0.6875, 0.6875, 0.6875, 0.6875, 0.6875, 0.6875], 'val_auc': [0.5181818008422852, 0.5181818008422852, 0.5, 0.5181818008422852, 0.4909090995788574, 0.5, 0.5090909004211426, 0.5272727012634277, 0.5727272629737854, 0.5363636016845703, 0.581818163394928, 0.6090909242630005, 0.5545454621315002, 0.5909091234207153, 0.6181818246841431, 0.5636363625526428, 0.5636363625526428, 0.5909090638160706, 0.6090908646583557, 0.6000000238418579, 0.5636363625526428, 0.5727272629737854, 0.5909091234207153, 0.5909091234207153, 0.5727272629737854, 0.5545454025268555, 0.6000000238418579, 0.581818163394928, 0.5909091234207153, 0.5818182229995728, 0.6090909242630005, 0.6000000238418579, 0.6090909242630005, 0.6090909242630005, 0.5909091234207153, 0.6272727251052856, 0.6181818246841431, 0.6090909242630005, 0.6272727251052856, 0.6363636255264282, 0.6272727251052856, 0.6363636255264282, 0.6090909242630005, 0.6181818246841431, 0.6181818246841431, 0.6545454859733582, 0.6363636255264282, 0.6181818246841431, 0.6181818246841431, 0.6363636255264282], 'val_loss': [0.6939343214035034, 0.6891291737556458, 0.6835951209068298, 0.677875280380249, 0.6729960441589355, 0.6685941815376282, 0.6643623113632202, 0.6599904298782349, 0.6560261845588684, 0.6520456075668335, 0.6488440036773682, 0.6456204652786255, 0.6423003673553467, 0.6391476392745972, 0.6361628770828247, 0.6334342956542969, 0.6309185028076172, 0.6288517713546753, 0.627083957195282, 0.6254883408546448, 0.624046802520752, 0.6226866841316223, 0.6215314269065857, 0.6203398108482361, 0.6194267272949219, 0.6184214353561401, 0.6175275444984436, 0.6166962385177612, 0.6158753037452698, 0.6151631474494934, 0.6146352291107178, 0.6139792203903198, 0.613331139087677, 0.6126422882080078, 0.61208575963974, 0.611516535282135, 0.6110049486160278, 0.6103795766830444, 0.6098074913024902, 0.6092355847358704, 0.6087900400161743, 0.6084661483764648, 0.6081324815750122, 0.6076701879501343, 0.6072269678115845, 0.6069463491439819, 0.606675922870636, 0.606447160243988, 0.6062141060829163, 0.6060566902160645], 'val_precision': [0.1428571492433548, 0.20000000298023224, 0.25, 0.5, 0.0, 0.0, 0.0, 0.0, 0.0, 0.0, 0.0, 0.0, 0.0, 0.0, 0.0, 0.0, 0.0, 0.0, 0.0, 0.0, 0.0, 0.0, 0.0, 0.0, 0.0, 0.0, 0.0, 0.0, 0.0, 0.0, 0.0, 0.0, 0.0, 0.0, 0.0, 0.0, 0.0, 0.0, 0.0, 0.0, 0.0, 0.0, 0.0, 0.0, 0.0, 0.0, 0.0, 0.0, 0.0, 0.0], 'val_recall': [0.20000000298023224, 0.20000000298023224, 0.20000000298023224, 0.20000000298023224, 0.0, 0.0, 0.0, 0.0, 0.0, 0.0, 0.0, 0.0, 0.0, 0.0, 0.0, 0.0, 0.0, 0.0, 0.0, 0.0, 0.0, 0.0, 0.0, 0.0, 0.0, 0.0, 0.0, 0.0, 0.0, 0.0, 0.0, 0.0, 0.0, 0.0, 0.0, 0.0, 0.0, 0.0, 0.0, 0.0, 0.0, 0.0, 0.0, 0.0, 0.0, 0.0, 0.0, 0.0, 0.0, 0.0]}","{'cnn_filters': 128, 'cnn_kernel': 7, 'lstm_units': 128, 'dnn_units': 256, 'dropout_rate': 0.4, 'learning_rate': 0.00029663429364937575, 'batch_size': 64}",COMPLETE
