number,value,datetime_start,datetime_complete,duration,params_batch_size,params_cnn_filters,params_cnn_kernel,params_dnn_units,params_dropout_rate,params_learning_rate,params_lstm_units,user_attrs_history,user_attrs_hyperparams,state
22,0.6537556648254395,2025-06-25 14:27:28.444039,2025-06-25 14:27:35.488715,0 days 00:00:07.044676,128,32,7,128,0.5,0.0002265414625820182,128,"{'accuracy': [0.4375, 0.515625, 0.453125, 0.515625, 0.5625, 0.453125, 0.46875, 0.578125, 0.515625, 0.421875, 0.546875, 0.46875, 0.578125, 0.53125, 0.53125, 0.46875, 0.484375, 0.53125, 0.421875, 0.359375, 0.4375, 0.546875, 0.390625, 0.515625, 0.578125, 0.5, 0.53125, 0.578125, 0.546875, 0.515625, 0.421875, 0.59375, 0.515625, 0.390625, 0.5625, 0.5, 0.53125, 0.46875, 0.46875, 0.625, 0.53125, 0.5, 0.390625, 0.5, 0.453125, 0.59375, 0.65625, 0.4375, 0.515625, 0.640625], 'auc': [0.3798828125, 0.486328125, 0.39013671875, 0.490234375, 0.59228515625, 0.42041015625, 0.4599609375, 0.5869140625, 0.56884765625, 0.4609375, 0.5322265625, 0.48779296875, 0.61376953125, 0.521484375, 0.48046875, 0.46533203125, 0.47705078125, 0.50732421875, 0.41064453125, 0.35888671875, 0.40185546875, 0.5791015625, 0.47265625, 0.49609375, 0.53271484375, 0.53662109375, 0.52587890625, 0.56982421875, 0.55078125, 0.46728515625, 0.349609375, 0.5517578125, 0.48828125, 0.39501953125, 0.57470703125, 0.4794921875, 0.5302734375, 0.54931640625, 0.458984375, 0.673828125, 0.525390625, 0.52197265625, 0.38330078125, 0.53076171875, 0.4775390625, 0.60498046875, 0.6865234375, 0.46484375, 0.48291015625, 0.59326171875], 'loss': [1.287966251373291, 1.1805992126464844, 1.3230030536651611, 1.0346465110778809, 0.8944879770278931, 1.1527563333511353, 1.1319667100906372, 0.8294355869293213, 0.9300333261489868, 1.1258189678192139, 1.017754077911377, 1.1020796298980713, 0.8433070182800293, 1.008076786994934, 1.0131326913833618, 1.001068353652954, 1.0399584770202637, 1.0383918285369873, 1.0617003440856934, 1.173145055770874, 1.1867512464523315, 0.8759114742279053, 1.0447009801864624, 1.0829800367355347, 1.0453505516052246, 0.9877988696098328, 1.0176681280136108, 1.0517878532409668, 0.9406930804252625, 1.222957968711853, 1.2310937643051147, 0.8827797770500183, 1.0382174253463745, 1.1281962394714355, 0.8520370721817017, 1.1242964267730713, 0.8959566950798035, 0.9946840405464172, 1.1057090759277344, 0.7409089207649231, 1.0641307830810547, 1.0009658336639404, 1.1148648262023926, 0.8963108062744141, 1.0233724117279053, 0.8168467879295349, 0.686919093132019, 1.043154239654541, 1.0788273811340332, 0.8702462911605835], 'precision': [0.44117647409439087, 0.517241358757019, 0.4545454680919647, 0.5151515007019043, 0.5714285969734192, 0.4482758641242981, 0.4642857015132904, 0.5806451439857483, 0.517241358757019, 0.42424243688583374, 0.5483871102333069, 0.4642857015132904, 0.5806451439857483, 0.53125, 0.529411792755127, 0.47058823704719543, 0.4848484992980957, 0.529411792755127, 0.42424243688583374, 0.35483869910240173, 0.4444444477558136, 0.5428571701049805, 0.39393940567970276, 0.517241358757019, 0.5714285969734192, 0.5, 0.5333333611488342, 0.5862069129943848, 0.5483871102333069, 0.5142857432365417, 0.4324324429035187, 0.59375, 0.517241358757019, 0.39393940567970276, 0.5625, 0.5, 0.53125, 0.4722222089767456, 0.4642857015132904, 0.625, 0.5416666865348816, 0.5, 0.4000000059604645, 0.5, 0.4545454680919647, 0.6071428656578064, 0.6666666865348816, 0.4444444477558136, 0.5185185074806213, 0.6216216087341309], 'recall': [0.46875, 0.46875, 0.46875, 0.53125, 0.5, 0.40625, 0.40625, 0.5625, 0.46875, 0.4375, 0.53125, 0.40625, 0.5625, 0.53125, 0.5625, 0.5, 0.5, 0.5625, 0.4375, 0.34375, 0.5, 0.59375, 0.40625, 0.46875, 0.625, 0.53125, 0.5, 0.53125, 0.53125, 0.5625, 0.5, 0.59375, 0.46875, 0.40625, 0.5625, 0.4375, 0.53125, 0.53125, 0.40625, 0.625, 0.40625, 0.5, 0.4375, 0.46875, 0.46875, 0.53125, 0.625, 0.5, 0.4375, 0.71875], 'val_accuracy': [0.3125, 0.3125, 0.3125, 0.3125, 0.3125, 0.3125, 0.3125, 0.3125, 0.3125, 0.3125, 0.25, 0.25, 0.25, 0.25, 0.3125, 0.3125, 0.3125, 0.375, 0.375, 0.375, 0.375, 0.4375, 0.4375, 0.4375, 0.4375, 0.4375, 0.4375, 0.4375, 0.5, 0.5, 0.5, 0.75, 0.75, 0.75, 0.75, 0.75, 0.8125, 0.8125, 0.8125, 0.8125, 0.8125, 0.8125, 0.75, 0.6875, 0.6875, 0.6875, 0.6875, 0.6875, 0.6875, 0.6875], 'val_auc': [0.5818182229995728, 0.581818163394928, 0.6000000238418579, 0.6090909242630005, 0.6000000238418579, 0.6090909242630005, 0.6272727251052856, 0.6090909242630005, 0.6272727251052856, 0.6272727251052856, 0.6272727251052856, 0.6454545259475708, 0.6363636255264282, 0.6181818246841431, 0.6545454859733582, 0.6272727251052856, 0.6545454263687134, 0.6363636255264282, 0.6545454859733582, 0.6272727251052856, 0.663636326789856, 0.636363685131073, 0.6636363863945007, 0.6363636255264282, 0.6363636255264282, 0.6363636255264282, 0.6454545259475708, 0.6363636255264282, 0.6636363863945007, 0.6454545855522156, 0.6363636255264282, 0.6454545855522156, 0.636363685131073, 0.6727273464202881, 0.6272727251052856, 0.6272727847099304, 0.6636364459991455, 0.6272727847099304, 0.6272727251052856, 0.6272727847099304, 0.6181818246841431, 0.6272727251052856, 0.6545455455780029, 0.6181818246841431, 0.6545454859733582, 0.6272727847099304, 0.6181818246841431, 0.6272727251052856, 0.636363685131073, 0.6272727251052856], 'val_loss': [0.7398114204406738, 0.7376909255981445, 0.7363632321357727, 0.7360646724700928, 0.7355899810791016, 0.7340378165245056, 0.7324568033218384, 0.7304495573043823, 0.7276092767715454, 0.7253389954566956, 0.7226880788803101, 0.7200598120689392, 0.7180589437484741, 0.716524064540863, 0.7143319845199585, 0.7126908302307129, 0.7110178470611572, 0.7084730863571167, 0.7065032124519348, 0.7046298384666443, 0.7027169466018677, 0.7009075880050659, 0.6990825533866882, 0.6974084377288818, 0.6960548758506775, 0.6942988038063049, 0.6926498413085938, 0.6905738711357117, 0.6883584856987, 0.6862276196479797, 0.6839301586151123, 0.6815585494041443, 0.6793537735939026, 0.6776424646377563, 0.6757636666297913, 0.6735072135925293, 0.6715245246887207, 0.6695324182510376, 0.6682688593864441, 0.6668928861618042, 0.6652854681015015, 0.6642231941223145, 0.6627793312072754, 0.661621630191803, 0.6600271463394165, 0.6585170030593872, 0.6571657061576843, 0.6560369729995728, 0.6549415588378906, 0.6537556648254395], 'val_precision': [0.3125, 0.3125, 0.3125, 0.3125, 0.3125, 0.3125, 0.3125, 0.3125, 0.3125, 0.3125, 0.2666666805744171, 0.2666666805744171, 0.2666666805744171, 0.2666666805744171, 0.2857142984867096, 0.2857142984867096, 0.2857142984867096, 0.3076923191547394, 0.3076923191547394, 0.3076923191547394, 0.3076923191547394, 0.3333333432674408, 0.3333333432674408, 0.3333333432674408, 0.3333333432674408, 0.3333333432674408, 0.3333333432674408, 0.3333333432674408, 0.3636363744735718, 0.3333333432674408, 0.3333333432674408, 0.6000000238418579, 0.6000000238418579, 0.6000000238418579, 0.6000000238418579, 0.6000000238418579, 0.75, 0.75, 0.75, 0.75, 0.75, 0.75, 0.6666666865348816, 0.5, 0.5, 0.5, 0.5, 0.5, 0.5, 0.5], 'val_recall': [1.0, 1.0, 1.0, 1.0, 1.0, 1.0, 1.0, 1.0, 1.0, 1.0, 0.800000011920929, 0.800000011920929, 0.800000011920929, 0.800000011920929, 0.800000011920929, 0.800000011920929, 0.800000011920929, 0.800000011920929, 0.800000011920929, 0.800000011920929, 0.800000011920929, 0.800000011920929, 0.800000011920929, 0.800000011920929, 0.800000011920929, 0.800000011920929, 0.800000011920929, 0.800000011920929, 0.800000011920929, 0.6000000238418579, 0.6000000238418579, 0.6000000238418579, 0.6000000238418579, 0.6000000238418579, 0.6000000238418579, 0.6000000238418579, 0.6000000238418579, 0.6000000238418579, 0.6000000238418579, 0.6000000238418579, 0.6000000238418579, 0.6000000238418579, 0.4000000059604645, 0.20000000298023224, 0.20000000298023224, 0.20000000298023224, 0.20000000298023224, 0.20000000298023224, 0.20000000298023224, 0.20000000298023224]}","{'cnn_filters': 32, 'cnn_kernel': 7, 'lstm_units': 128, 'dnn_units': 128, 'dropout_rate': 0.5, 'learning_rate': 0.0002265414625820182, 'batch_size': 128}",COMPLETE
23,0.6581079959869385,2025-06-25 14:27:35.489187,2025-06-25 14:27:42.353133,0 days 00:00:06.863946,128,32,5,128,0.4,0.00011232962762357841,128,"{'accuracy': [0.609375, 0.609375, 0.5, 0.59375, 0.5, 0.546875, 0.5625, 0.46875, 0.515625, 0.515625, 0.640625, 0.65625, 0.625, 0.484375, 0.53125, 0.65625, 0.578125, 0.578125, 0.59375, 0.59375, 0.484375, 0.515625, 0.515625, 0.546875, 0.5, 0.609375, 0.546875, 0.484375, 0.578125, 0.546875, 0.546875, 0.65625, 0.5625, 0.640625, 0.515625, 0.5, 0.578125, 0.515625, 0.703125, 0.609375, 0.5625, 0.5, 0.5625, 0.484375, 0.578125, 0.640625, 0.625, 0.578125, 0.5, 0.65625], 'auc': [0.60791015625, 0.6572265625, 0.478515625, 0.65380859375, 0.48779296875, 0.58154296875, 0.580078125, 0.50048828125, 0.54296875, 0.55029296875, 0.63623046875, 0.64208984375, 0.6552734375, 0.59521484375, 0.55419921875, 0.6455078125, 0.576171875, 0.61865234375, 0.60205078125, 0.642578125, 0.4189453125, 0.51708984375, 0.548828125, 0.63623046875, 0.4658203125, 0.5673828125, 0.5859375, 0.49560546875, 0.6533203125, 0.63671875, 0.61376953125, 0.69873046875, 0.56005859375, 0.65966796875, 0.62451171875, 0.498046875, 0.60009765625, 0.5419921875, 0.7744140625, 0.6005859375, 0.59716796875, 0.5517578125, 0.591796875, 0.52392578125, 0.68212890625, 0.76220703125, 0.712890625, 0.6171875, 0.61669921875, 0.67236328125], 'loss': [0.8220077753067017, 0.7966580986976624, 1.1149508953094482, 0.7412027716636658, 1.0021042823791504, 0.8729372024536133, 0.9709860682487488, 0.9870144128799438, 0.9752876162528992, 0.9938485622406006, 0.8238500952720642, 0.8386780023574829, 0.7596837282180786, 0.8919185400009155, 0.9072272181510925, 0.7963680028915405, 0.9730150103569031, 0.7830660939216614, 0.8156837821006775, 0.8084686398506165, 1.0887956619262695, 0.9719867706298828, 0.9150342345237732, 0.7422352433204651, 1.0631839036941528, 0.8937561511993408, 0.9028871059417725, 1.0575129985809326, 0.7778513431549072, 0.7954227924346924, 0.8535909056663513, 0.7045010328292847, 0.9225038290023804, 0.7985470294952393, 0.841785192489624, 0.973608672618866, 0.8464120626449585, 0.9907503128051758, 0.6227343082427979, 0.8693360686302185, 0.8607454299926758, 0.9296576380729675, 0.8119505643844604, 0.9878178238868713, 0.6943699717521667, 0.5759280323982239, 0.6783130764961243, 0.8216313123703003, 0.8128150105476379, 0.6914833784103394], 'precision': [0.6399999856948853, 0.6129032373428345, 0.5, 0.6000000238418579, 0.5, 0.5483871102333069, 0.5666666626930237, 0.47058823704719543, 0.5151515007019043, 0.5161290168762207, 0.6666666865348816, 0.6388888955116272, 0.625, 0.48275861144065857, 0.53125, 0.6388888955116272, 0.5862069129943848, 0.5675675868988037, 0.6000000238418579, 0.59375, 0.4848484992980957, 0.5161290168762207, 0.5151515007019043, 0.5483871102333069, 0.5, 0.6206896305084229, 0.5384615659713745, 0.4848484992980957, 0.5757575631141663, 0.5405405163764954, 0.5454545617103577, 0.6388888955116272, 0.5714285969734192, 0.6363636255264282, 0.5142857432365417, 0.5, 0.5862069129943848, 0.5142857432365417, 0.7096773982048035, 0.6206896305084229, 0.5625, 0.5, 0.5588235259056091, 0.48571428656578064, 0.5757575631141663, 0.6216216087341309, 0.6176470518112183, 0.5757575631141663, 0.5, 0.692307710647583], 'recall': [0.5, 0.59375, 0.40625, 0.5625, 0.53125, 0.53125, 0.53125, 0.5, 0.53125, 0.5, 0.5625, 0.71875, 0.625, 0.4375, 0.53125, 0.71875, 0.53125, 0.65625, 0.5625, 0.59375, 0.5, 0.5, 0.53125, 0.53125, 0.46875, 0.5625, 0.65625, 0.5, 0.59375, 0.625, 0.5625, 0.71875, 0.5, 0.65625, 0.5625, 0.53125, 0.53125, 0.5625, 0.6875, 0.5625, 0.5625, 0.4375, 0.59375, 0.53125, 0.59375, 0.71875, 0.65625, 0.59375, 0.53125, 0.5625], 'val_accuracy': [0.5, 0.5, 0.5, 0.5, 0.5, 0.5625, 0.5625, 0.625, 0.625, 0.625, 0.625, 0.625, 0.625, 0.625, 0.6875, 0.6875, 0.6875, 0.6875, 0.75, 0.75, 0.75, 0.75, 0.75, 0.75, 0.75, 0.75, 0.75, 0.75, 0.75, 0.75, 0.75, 0.75, 0.75, 0.75, 0.75, 0.75, 0.75, 0.75, 0.75, 0.75, 0.75, 0.75, 0.75, 0.75, 0.75, 0.75, 0.75, 0.75, 0.75, 0.75], 'val_auc': [0.3181818127632141, 0.33636361360549927, 0.3181818127632141, 0.3181818127632141, 0.33636361360549927, 0.3181818127632141, 0.3181818127632141, 0.33636364340782166, 0.33636361360549927, 0.3181818127632141, 0.33636361360549927, 0.33636364340782166, 0.34545451402664185, 0.33636361360549927, 0.33636364340782166, 0.3545454442501068, 0.33636361360549927, 0.33636361360549927, 0.34545454382896423, 0.3545454442501068, 0.3636363744735718, 0.34545451402664185, 0.34545454382896423, 0.3636363744735718, 0.34545451402664185, 0.3545454144477844, 0.3636363446712494, 0.3545454442501068, 0.3545454144477844, 0.3545454740524292, 0.3545454740524292, 0.34545454382896423, 0.3545454740524292, 0.3636363446712494, 0.3636363446712494, 0.33636361360549927, 0.3545454442501068, 0.3636363446712494, 0.3636363446712494, 0.3636363446712494, 0.3545454144477844, 0.3545454442501068, 0.3636363744735718, 0.3636363744735718, 0.3545454442501068, 0.3636363744735718, 0.37272724509239197, 0.34545454382896423, 0.3636363744735718, 0.37272724509239197], 'val_loss': [0.6934648156166077, 0.6925552487373352, 0.6914352178573608, 0.6903824210166931, 0.6897053718566895, 0.6890472173690796, 0.6883859634399414, 0.687517523765564, 0.687029242515564, 0.686351478099823, 0.6857067346572876, 0.684886634349823, 0.6841869354248047, 0.683285117149353, 0.6820982694625854, 0.6813627481460571, 0.6804386377334595, 0.6798155903816223, 0.6790828704833984, 0.6784643530845642, 0.6779102087020874, 0.6772463321685791, 0.6766629219055176, 0.6757730841636658, 0.6749337315559387, 0.6742521524429321, 0.6736136674880981, 0.6727975606918335, 0.6717002391815186, 0.6709473133087158, 0.6703442931175232, 0.6696189641952515, 0.6687617897987366, 0.6682579517364502, 0.6676934361457825, 0.6670482754707336, 0.6664735078811646, 0.6656457185745239, 0.664921760559082, 0.6645308136940002, 0.6638261675834656, 0.6631635427474976, 0.6627373695373535, 0.6620614528656006, 0.6613298654556274, 0.6605314016342163, 0.6597774624824524, 0.6590754985809326, 0.6584609150886536, 0.6581079959869385], 'val_precision': [0.20000000298023224, 0.20000000298023224, 0.20000000298023224, 0.20000000298023224, 0.20000000298023224, 0.25, 0.25, 0.3333333432674408, 0.3333333432674408, 0.3333333432674408, 0.3333333432674408, 0.3333333432674408, 0.3333333432674408, 0.3333333432674408, 0.5, 0.5, 0.5, 0.5, 1.0, 1.0, 1.0, 1.0, 1.0, 1.0, 1.0, 1.0, 1.0, 1.0, 1.0, 1.0, 1.0, 1.0, 1.0, 1.0, 1.0, 1.0, 1.0, 1.0, 1.0, 1.0, 1.0, 1.0, 1.0, 1.0, 1.0, 1.0, 1.0, 1.0, 1.0, 1.0], 'val_recall': [0.20000000298023224, 0.20000000298023224, 0.20000000298023224, 0.20000000298023224, 0.20000000298023224, 0.20000000298023224, 0.20000000298023224, 0.20000000298023224, 0.20000000298023224, 0.20000000298023224, 0.20000000298023224, 0.20000000298023224, 0.20000000298023224, 0.20000000298023224, 0.20000000298023224, 0.20000000298023224, 0.20000000298023224, 0.20000000298023224, 0.20000000298023224, 0.20000000298023224, 0.20000000298023224, 0.20000000298023224, 0.20000000298023224, 0.20000000298023224, 0.20000000298023224, 0.20000000298023224, 0.20000000298023224, 0.20000000298023224, 0.20000000298023224, 0.20000000298023224, 0.20000000298023224, 0.20000000298023224, 0.20000000298023224, 0.20000000298023224, 0.20000000298023224, 0.20000000298023224, 0.20000000298023224, 0.20000000298023224, 0.20000000298023224, 0.20000000298023224, 0.20000000298023224, 0.20000000298023224, 0.20000000298023224, 0.20000000298023224, 0.20000000298023224, 0.20000000298023224, 0.20000000298023224, 0.20000000298023224, 0.20000000298023224, 0.20000000298023224]}","{'cnn_filters': 32, 'cnn_kernel': 5, 'lstm_units': 128, 'dnn_units': 128, 'dropout_rate': 0.4, 'learning_rate': 0.00011232962762357841, 'batch_size': 128}",COMPLETE
24,0.6175690293312073,2025-06-25 14:27:42.354172,2025-06-25 14:27:46.327978,0 days 00:00:03.973806,128,32,7,128,0.2,0.0004014860278148974,256,"{'accuracy': [0.546875, 0.625, 0.609375, 0.46875, 0.59375, 0.578125, 0.625, 0.75, 0.671875, 0.703125], 'auc': [0.5556640625, 0.591796875, 0.6845703125, 0.5087890625, 0.6357421875, 0.63671875, 0.71630859375, 0.77587890625, 0.77685546875, 0.82080078125], 'loss': [0.8367882966995239, 0.801423192024231, 0.6617706418037415, 0.8291526436805725, 0.734947681427002, 0.7031766772270203, 0.633194088935852, 0.5823452472686768, 0.581314206123352, 0.5013148784637451], 'precision': [0.5517241358757019, 0.6333333253860474, 0.6129032373428345, 0.47058823704719543, 0.59375, 0.5757575631141663, 0.6176470518112183, 0.7666666507720947, 0.7200000286102295, 0.6857143044471741], 'recall': [0.5, 0.59375, 0.59375, 0.5, 0.59375, 0.59375, 0.65625, 0.71875, 0.5625, 0.75], 'val_accuracy': [0.6875, 0.6875, 0.6875, 0.6875, 0.6875, 0.6875, 0.6875, 0.6875, 0.6875, 0.6875], 'val_auc': [0.6181818246841431, 0.6090909242630005, 0.6000000238418579, 0.5818182229995728, 0.5636363625526428, 0.5272727608680725, 0.5363636016845703, 0.5272727012634277, 0.5272727012634277, 0.5181818604469299], 'val_loss': [0.637137770652771, 0.6282682418823242, 0.6216751337051392, 0.6180847883224487, 0.6175690293312073, 0.6186974048614502, 0.622081458568573, 0.6269638538360596, 0.6320984363555908, 0.6377968192100525], 'val_precision': [0.0, 0.0, 0.0, 0.0, 0.0, 0.0, 0.0, 0.0, 0.0, 0.0], 'val_recall': [0.0, 0.0, 0.0, 0.0, 0.0, 0.0, 0.0, 0.0, 0.0, 0.0]}","{'cnn_filters': 32, 'cnn_kernel': 7, 'lstm_units': 256, 'dnn_units': 128, 'dropout_rate': 0.2, 'learning_rate': 0.0004014860278148974, 'batch_size': 128}",COMPLETE
