number,value,datetime_start,datetime_complete,duration,params_batch_size,params_cnn_filters,params_cnn_kernel,params_dnn_units,params_dropout_rate,params_learning_rate,params_lstm_units,user_attrs_history,user_attrs_hyperparams,state
11,0.6937373280525208,2025-06-25 14:26:21.692823,2025-06-25 14:26:28.806736,0 days 00:00:07.113913,128,64,3,128,0.30000000000000004,5.879155807560866e-05,128,"{'accuracy': [0.5, 0.515625, 0.484375, 0.515625, 0.390625, 0.515625, 0.453125, 0.4375, 0.59375, 0.5, 0.5, 0.4375, 0.5, 0.5, 0.5625, 0.484375, 0.515625, 0.515625, 0.484375, 0.625, 0.53125, 0.46875, 0.546875, 0.5, 0.625, 0.53125, 0.515625, 0.484375, 0.53125, 0.578125, 0.5625, 0.46875, 0.53125, 0.5625, 0.515625, 0.46875, 0.5625, 0.625, 0.59375, 0.5625, 0.546875, 0.609375, 0.515625, 0.703125, 0.578125, 0.640625, 0.5625, 0.5, 0.546875, 0.5], 'auc': [0.53369140625, 0.5283203125, 0.51806640625, 0.50244140625, 0.3837890625, 0.4873046875, 0.40771484375, 0.47998046875, 0.6279296875, 0.48046875, 0.54248046875, 0.404296875, 0.48876953125, 0.51025390625, 0.5849609375, 0.46484375, 0.53515625, 0.51416015625, 0.4443359375, 0.58056640625, 0.55615234375, 0.3828125, 0.56005859375, 0.5029296875, 0.6396484375, 0.47412109375, 0.4990234375, 0.47412109375, 0.521484375, 0.5908203125, 0.615234375, 0.49267578125, 0.55908203125, 0.5947265625, 0.5458984375, 0.47509765625, 0.56201171875, 0.64990234375, 0.5859375, 0.50537109375, 0.5712890625, 0.63232421875, 0.5732421875, 0.74365234375, 0.58642578125, 0.67236328125, 0.6005859375, 0.55615234375, 0.60546875, 0.5390625], 'loss': [0.9402544498443604, 0.9201538562774658, 0.9204407334327698, 0.98577880859375, 1.0175864696502686, 0.9456135034561157, 1.037880539894104, 0.9022184610366821, 0.7765552997589111, 0.9979434609413147, 0.8527669906616211, 1.0215058326721191, 0.8726500272750854, 0.8906300067901611, 0.8485634326934814, 0.9639164209365845, 0.8527657389640808, 0.8632593154907227, 0.9365606904029846, 0.857506513595581, 0.8676614761352539, 1.1998012065887451, 0.8354721665382385, 0.9203668236732483, 0.7910696268081665, 0.9895317554473877, 0.8549807667732239, 1.0176280736923218, 0.9528297185897827, 0.8139348030090332, 0.8134326934814453, 0.8598217368125916, 0.8330833911895752, 0.8405658006668091, 0.9224258661270142, 0.9102157950401306, 0.842252254486084, 0.7182899713516235, 0.8008222579956055, 0.9740706086158752, 0.815743625164032, 0.7531492114067078, 0.8459912538528442, 0.6206769347190857, 0.8271418809890747, 0.6784801483154297, 0.8374704122543335, 0.8692140579223633, 0.7255941033363342, 0.8708182573318481], 'precision': [0.5, 0.5142857432365417, 0.48148149251937866, 0.5161290168762207, 0.4000000059604645, 0.517241358757019, 0.4482758641242981, 0.4333333373069763, 0.59375, 0.5, 0.5, 0.44117647409439087, 0.5, 0.5, 0.5555555820465088, 0.4848484992980957, 0.5161290168762207, 0.5151515007019043, 0.4838709533214569, 0.6538461446762085, 0.529411792755127, 0.4722222089767456, 0.5483871102333069, 0.5, 0.6176470518112183, 0.5333333611488342, 0.5151515007019043, 0.48275861144065857, 0.53125, 0.5757575631141663, 0.5555555820465088, 0.4615384638309479, 0.53125, 0.5625, 0.5185185074806213, 0.4722222089767456, 0.5555555820465088, 0.6428571343421936, 0.6071428656578064, 0.5625, 0.5555555820465088, 0.6060606241226196, 0.5199999809265137, 0.7096773982048035, 0.5714285969734192, 0.6551724076271057, 0.5588235259056091, 0.5, 0.5483871102333069, 0.5], 'recall': [0.5625, 0.5625, 0.40625, 0.5, 0.4375, 0.46875, 0.40625, 0.40625, 0.59375, 0.5, 0.5, 0.46875, 0.59375, 0.46875, 0.625, 0.5, 0.5, 0.53125, 0.46875, 0.53125, 0.5625, 0.53125, 0.53125, 0.59375, 0.65625, 0.5, 0.53125, 0.4375, 0.53125, 0.59375, 0.625, 0.375, 0.53125, 0.5625, 0.4375, 0.53125, 0.625, 0.5625, 0.53125, 0.5625, 0.46875, 0.625, 0.40625, 0.6875, 0.625, 0.59375, 0.59375, 0.375, 0.53125, 0.4375], 'val_accuracy': [0.3125, 0.3125, 0.3125, 0.3125, 0.3125, 0.3125, 0.3125, 0.3125, 0.3125, 0.3125, 0.3125, 0.3125, 0.3125, 0.3125, 0.3125, 0.3125, 0.3125, 0.3125, 0.3125, 0.3125, 0.3125, 0.25, 0.25, 0.3125, 0.375, 0.375, 0.375, 0.375, 0.375, 0.4375, 0.4375, 0.375, 0.375, 0.4375, 0.4375, 0.4375, 0.375, 0.3125, 0.3125, 0.375, 0.3125, 0.3125, 0.375, 0.4375, 0.4375, 0.4375, 0.4375, 0.4375, 0.4375, 0.4375], 'val_auc': [0.43636366724967957, 0.47272729873657227, 0.41818180680274963, 0.45454543828964233, 0.38181817531585693, 0.418181836605072, 0.41818180680274963, 0.4000000059604645, 0.40909090638160706, 0.38181817531585693, 0.38181817531585693, 0.34545454382896423, 0.38181817531585693, 0.3181818425655365, 0.3545454740524292, 0.3181818425655365, 0.30000001192092896, 0.3272727429866791, 0.30000001192092896, 0.3272727429866791, 0.30909091234207153, 0.30000001192092896, 0.30909091234207153, 0.30000001192092896, 0.30000001192092896, 0.2909091114997864, 0.30000001192092896, 0.2909091114997864, 0.2909091114997864, 0.2818182110786438, 0.30000004172325134, 0.2818182110786438, 0.30000001192092896, 0.2818181812763214, 0.2818182110786438, 0.2818181812763214, 0.2818181812763214, 0.27272728085517883, 0.2818181812763214, 0.2727273106575012, 0.2727273106575012, 0.27272728085517883, 0.27272728085517883, 0.2545454800128937, 0.2545454800128937, 0.2545454800128937, 0.2454545795917511, 0.2454545497894287, 0.2454545497894287, 0.23636364936828613], 'val_loss': [0.784252941608429, 0.7823425531387329, 0.7800757884979248, 0.7776236534118652, 0.7753363251686096, 0.7725239992141724, 0.7703105211257935, 0.7681515216827393, 0.7663564682006836, 0.7641419172286987, 0.7615971565246582, 0.7588304281234741, 0.7563204765319824, 0.7538152933120728, 0.7515900135040283, 0.7494031190872192, 0.7473572492599487, 0.7450844049453735, 0.7430453300476074, 0.7410359978675842, 0.7390714883804321, 0.7369304895401001, 0.7351655960083008, 0.7333113551139832, 0.7314718961715698, 0.7292968034744263, 0.7272318601608276, 0.7253827452659607, 0.7236064672470093, 0.7219576835632324, 0.7201108932495117, 0.7179814577102661, 0.7159749269485474, 0.7143226265907288, 0.7130943536758423, 0.7114260196685791, 0.7097204923629761, 0.7084808349609375, 0.7069629430770874, 0.7054479122161865, 0.7043555974960327, 0.7031117081642151, 0.7015388011932373, 0.700082540512085, 0.6989196538925171, 0.6976224780082703, 0.696207582950592, 0.6952598094940186, 0.6943675875663757, 0.6937373280525208], 'val_precision': [0.3125, 0.3125, 0.3125, 0.3125, 0.3125, 0.3125, 0.3125, 0.3125, 0.3125, 0.3125, 0.3125, 0.3125, 0.3125, 0.3125, 0.3125, 0.3125, 0.3125, 0.3125, 0.3125, 0.3125, 0.3125, 0.2666666805744171, 0.2666666805744171, 0.2857142984867096, 0.3076923191547394, 0.3076923191547394, 0.3076923191547394, 0.3076923191547394, 0.3076923191547394, 0.3333333432674408, 0.3333333432674408, 0.27272728085517883, 0.27272728085517883, 0.30000001192092896, 0.30000001192092896, 0.30000001192092896, 0.2222222238779068, 0.125, 0.125, 0.1428571492433548, 0.0, 0.0, 0.0, 0.0, 0.0, 0.0, 0.0, 0.0, 0.0, 0.0], 'val_recall': [1.0, 1.0, 1.0, 1.0, 1.0, 1.0, 1.0, 1.0, 1.0, 1.0, 1.0, 1.0, 1.0, 1.0, 1.0, 1.0, 1.0, 1.0, 1.0, 1.0, 1.0, 0.800000011920929, 0.800000011920929, 0.800000011920929, 0.800000011920929, 0.800000011920929, 0.800000011920929, 0.800000011920929, 0.800000011920929, 0.800000011920929, 0.800000011920929, 0.6000000238418579, 0.6000000238418579, 0.6000000238418579, 0.6000000238418579, 0.6000000238418579, 0.4000000059604645, 0.20000000298023224, 0.20000000298023224, 0.20000000298023224, 0.0, 0.0, 0.0, 0.0, 0.0, 0.0, 0.0, 0.0, 0.0, 0.0]}","{'cnn_filters': 64, 'cnn_kernel': 3, 'lstm_units': 128, 'dnn_units': 128, 'dropout_rate': 0.30000000000000004, 'learning_rate': 5.879155807560866e-05, 'batch_size': 128}",COMPLETE
12,0.6505122184753418,2025-06-25 14:26:28.807457,2025-06-25 14:26:31.677159,0 days 00:00:02.869702,64,128,7,128,0.30000000000000004,7.870591656897862e-05,128,"{'accuracy': [0.5, 0.546875, 0.453125, 0.46875, 0.4375, 0.46875], 'auc': [0.3837890625, 0.4404296875, 0.47216796875, 0.48291015625, 0.42333984375, 0.5185546875], 'loss': [1.1397665739059448, 1.1102445125579834, 0.9871246814727783, 1.0999648571014404, 0.9834533929824829, 0.9157094955444336], 'precision': [0.5, 0.5483871102333069, 0.4399999976158142, 0.46875, 0.4444444477558136, 0.4722222089767456], 'recall': [0.5, 0.53125, 0.34375, 0.46875, 0.5, 0.53125], 'val_accuracy': [0.6875, 0.6875, 0.6875, 0.6875, 0.6875, 0.6875], 'val_auc': [0.38181817531585693, 0.40909090638160706, 0.41818180680274963, 0.41818180680274963, 0.40909090638160706, 0.4000000059604645], 'val_loss': [0.6505122184753418, 0.651067852973938, 0.6513200998306274, 0.6512371301651001, 0.6510628461837769, 0.6507062911987305], 'val_precision': [0.0, 0.0, 0.0, 0.0, 0.0, 0.0], 'val_recall': [0.0, 0.0, 0.0, 0.0, 0.0, 0.0]}","{'cnn_filters': 128, 'cnn_kernel': 7, 'lstm_units': 128, 'dnn_units': 128, 'dropout_rate': 0.30000000000000004, 'learning_rate': 7.870591656897862e-05, 'batch_size': 64}",COMPLETE
13,0.6447664499282837,2025-06-25 14:26:31.677563,2025-06-25 14:26:39.112338,0 days 00:00:07.434775,64,64,3,128,0.2,2.883257640656677e-05,128,"{'accuracy': [0.484375, 0.421875, 0.515625, 0.484375, 0.390625, 0.484375, 0.4375, 0.546875, 0.5, 0.46875, 0.4375, 0.484375, 0.546875, 0.53125, 0.578125, 0.5, 0.46875, 0.4375, 0.359375, 0.5, 0.46875, 0.421875, 0.59375, 0.578125, 0.453125, 0.609375, 0.5, 0.453125, 0.453125, 0.453125, 0.5625, 0.515625, 0.46875, 0.5, 0.515625, 0.46875, 0.5, 0.546875, 0.453125, 0.53125, 0.578125, 0.59375, 0.484375, 0.546875, 0.46875, 0.546875, 0.5625, 0.5, 0.625, 0.484375], 'auc': [0.52294921875, 0.37353515625, 0.5615234375, 0.48974609375, 0.38720703125, 0.453125, 0.38330078125, 0.5595703125, 0.5, 0.43359375, 0.45751953125, 0.51904296875, 0.5244140625, 0.583984375, 0.55126953125, 0.46875, 0.44580078125, 0.4365234375, 0.39404296875, 0.4873046875, 0.4833984375, 0.39892578125, 0.6103515625, 0.60205078125, 0.44287109375, 0.55029296875, 0.4814453125, 0.533203125, 0.466796875, 0.4990234375, 0.55078125, 0.5185546875, 0.48779296875, 0.431640625, 0.5302734375, 0.47216796875, 0.5009765625, 0.4892578125, 0.48583984375, 0.4853515625, 0.611328125, 0.615234375, 0.53466796875, 0.56591796875, 0.4736328125, 0.56396484375, 0.537109375, 0.51416015625, 0.5810546875, 0.5322265625], 'loss': [0.9332444667816162, 1.1128875017166138, 0.8284417390823364, 0.9184308052062988, 1.040954351425171, 1.033799171447754, 1.0936998128890991, 0.83577960729599, 0.9432034492492676, 1.0004127025604248, 0.9790865182876587, 0.9503003358840942, 0.9525502324104309, 0.8277788758277893, 0.8776960372924805, 1.0275022983551025, 1.1104377508163452, 1.036089539527893, 1.0938133001327515, 0.9166185855865479, 0.9515223503112793, 1.1063764095306396, 0.8320111632347107, 0.7907534837722778, 0.97066330909729, 0.848631739616394, 0.9841341376304626, 0.840721607208252, 0.9867180585861206, 0.8913319110870361, 0.8256630897521973, 0.8724764585494995, 1.0309226512908936, 0.9715807437896729, 0.9278324842453003, 0.9147500991821289, 0.8909198045730591, 0.9261784553527832, 0.9256681799888611, 0.8962422609329224, 0.7807396650314331, 0.7737727165222168, 0.8792282938957214, 0.8450125455856323, 0.9105492830276489, 0.831287145614624, 0.8973731994628906, 0.8434925079345703, 0.87941575050354, 0.8517798185348511], 'precision': [0.4848484992980957, 0.4137931168079376, 0.5142857432365417, 0.48571428656578064, 0.4000000059604645, 0.4838709533214569, 0.4444444477558136, 0.5428571701049805, 0.5, 0.4722222089767456, 0.4333333373069763, 0.4848484992980957, 0.5428571701049805, 0.53125, 0.5806451439857483, 0.5, 0.4722222089767456, 0.4333333373069763, 0.3636363744735718, 0.5, 0.4722222089767456, 0.4285714328289032, 0.5882353186607361, 0.5714285969734192, 0.45945945382118225, 0.6060606241226196, 0.5, 0.4516128897666931, 0.4545454680919647, 0.4571428596973419, 0.5666666626930237, 0.5161290168762207, 0.46666666865348816, 0.5, 0.5142857432365417, 0.47058823704719543, 0.5, 0.5517241358757019, 0.4545454680919647, 0.5384615659713745, 0.5806451439857483, 0.5882353186607361, 0.48275861144065857, 0.5483871102333069, 0.46875, 0.5454545617103577, 0.5555555820465088, 0.5, 0.6111111044883728, 0.4848484992980957], 'recall': [0.5, 0.375, 0.5625, 0.53125, 0.4375, 0.46875, 0.5, 0.59375, 0.4375, 0.53125, 0.40625, 0.5, 0.59375, 0.53125, 0.5625, 0.46875, 0.53125, 0.40625, 0.375, 0.4375, 0.53125, 0.46875, 0.625, 0.625, 0.53125, 0.625, 0.4375, 0.4375, 0.46875, 0.5, 0.53125, 0.5, 0.4375, 0.59375, 0.5625, 0.5, 0.5, 0.5, 0.46875, 0.4375, 0.5625, 0.625, 0.4375, 0.53125, 0.46875, 0.5625, 0.625, 0.53125, 0.6875, 0.5], 'val_accuracy': [0.3125, 0.3125, 0.3125, 0.3125, 0.3125, 0.3125, 0.3125, 0.375, 0.375, 0.375, 0.375, 0.4375, 0.5, 0.5, 0.5, 0.5, 0.4375, 0.375, 0.4375, 0.4375, 0.4375, 0.4375, 0.4375, 0.5625, 0.625, 0.625, 0.625, 0.6875, 0.6875, 0.75, 0.75, 0.75, 0.75, 0.75, 0.6875, 0.75, 0.75, 0.75, 0.75, 0.75, 0.75, 0.75, 0.75, 0.75, 0.75, 0.75, 0.6875, 0.6875, 0.6875, 0.6875], 'val_auc': [0.6181818246841431, 0.5818182229995728, 0.6181818246841431, 0.5818182229995728, 0.6272727251052856, 0.5909091234207153, 0.6272727251052856, 0.6000000238418579, 0.5818182229995728, 0.6181818246841431, 0.5727272629737854, 0.6181818246841431, 0.581818163394928, 0.6272727251052856, 0.581818163394928, 0.6181818246841431, 0.5818182229995728, 0.6090909242630005, 0.5909091234207153, 0.6000000238418579, 0.6090909242630005, 0.6090909242630005, 0.6090909242630005, 0.6000000238418579, 0.6090909242630005, 0.6090909242630005, 0.6090909242630005, 0.6181818246841431, 0.6090909242630005, 0.6181818246841431, 0.6000000238418579, 0.6181818246841431, 0.6181818246841431, 0.6181818246841431, 0.6272727251052856, 0.6272727251052856, 0.6272727251052856, 0.6272727251052856, 0.6181818246841431, 0.6090908646583557, 0.6181818246841431, 0.6090909242630005, 0.6272727251052856, 0.6272727251052856, 0.6181818246841431, 0.6181818246841431, 0.6000000238418579, 0.6181818246841431, 0.6000000238418579, 0.6090909242630005], 'val_loss': [0.7334705591201782, 0.7307307720184326, 0.7281676530838013, 0.7254817485809326, 0.7228333950042725, 0.7201360464096069, 0.7175906896591187, 0.7149211764335632, 0.7125242948532104, 0.7101042866706848, 0.7078383564949036, 0.7055097818374634, 0.7031565308570862, 0.7011322975158691, 0.6991987228393555, 0.6973369717597961, 0.6956219673156738, 0.6936111450195312, 0.6915732622146606, 0.6897659301757812, 0.6877752542495728, 0.685867190361023, 0.6836594343185425, 0.6818017959594727, 0.6801071166992188, 0.6782876253128052, 0.6766461133956909, 0.6748801469802856, 0.6730667948722839, 0.6713076829910278, 0.6695957779884338, 0.6682186126708984, 0.6666605472564697, 0.6649879813194275, 0.6634261608123779, 0.661890983581543, 0.6604415774345398, 0.659102201461792, 0.6576769351959229, 0.656525731086731, 0.655161440372467, 0.6537407636642456, 0.6526504755020142, 0.6514808535575867, 0.6501615643501282, 0.649207592010498, 0.6480887532234192, 0.6469074487686157, 0.645662248134613, 0.6447664499282837], 'val_precision': [0.3125, 0.3125, 0.3125, 0.3125, 0.3125, 0.3125, 0.3125, 0.3333333432674408, 0.3333333432674408, 0.3333333432674408, 0.3333333432674408, 0.3571428656578064, 0.38461539149284363, 0.38461539149284363, 0.38461539149284363, 0.38461539149284363, 0.3333333432674408, 0.27272728085517883, 0.30000001192092896, 0.30000001192092896, 0.30000001192092896, 0.30000001192092896, 0.30000001192092896, 0.3333333432674408, 0.4000000059604645, 0.4000000059604645, 0.4000000059604645, 0.5, 0.5, 0.6666666865348816, 0.6666666865348816, 0.6666666865348816, 0.6666666865348816, 0.6666666865348816, 0.5, 1.0, 1.0, 1.0, 1.0, 1.0, 1.0, 1.0, 1.0, 1.0, 1.0, 1.0, 0.0, 0.0, 0.0, 0.0], 'val_recall': [1.0, 1.0, 1.0, 1.0, 1.0, 1.0, 1.0, 1.0, 1.0, 1.0, 1.0, 1.0, 1.0, 1.0, 1.0, 1.0, 0.800000011920929, 0.6000000238418579, 0.6000000238418579, 0.6000000238418579, 0.6000000238418579, 0.6000000238418579, 0.6000000238418579, 0.4000000059604645, 0.4000000059604645, 0.4000000059604645, 0.4000000059604645, 0.4000000059604645, 0.4000000059604645, 0.4000000059604645, 0.4000000059604645, 0.4000000059604645, 0.4000000059604645, 0.4000000059604645, 0.20000000298023224, 0.20000000298023224, 0.20000000298023224, 0.20000000298023224, 0.20000000298023224, 0.20000000298023224, 0.20000000298023224, 0.20000000298023224, 0.20000000298023224, 0.20000000298023224, 0.20000000298023224, 0.20000000298023224, 0.0, 0.0, 0.0, 0.0]}","{'cnn_filters': 64, 'cnn_kernel': 3, 'lstm_units': 128, 'dnn_units': 128, 'dropout_rate': 0.2, 'learning_rate': 2.883257640656677e-05, 'batch_size': 64}",COMPLETE
14,0.6131418943405151,2025-06-25 14:26:39.112796,2025-06-25 14:26:43.930783,0 days 00:00:04.817987,128,32,7,128,0.4,0.0001661634932156329,256,"{'accuracy': [0.578125, 0.5, 0.484375, 0.59375, 0.4375, 0.484375, 0.5625, 0.453125, 0.515625, 0.625, 0.4375, 0.578125, 0.515625, 0.59375, 0.59375, 0.546875, 0.46875, 0.609375, 0.484375, 0.4375, 0.546875, 0.53125, 0.515625], 'auc': [0.53271484375, 0.419921875, 0.52734375, 0.5771484375, 0.34765625, 0.54833984375, 0.55419921875, 0.42138671875, 0.599609375, 0.6669921875, 0.4736328125, 0.54150390625, 0.4697265625, 0.6455078125, 0.61279296875, 0.5830078125, 0.48388671875, 0.55078125, 0.51318359375, 0.5341796875, 0.5615234375, 0.55810546875, 0.6044921875], 'loss': [1.0278791189193726, 1.1124963760375977, 1.0206937789916992, 0.8803768754005432, 1.1990658044815063, 0.9034520983695984, 0.8823453187942505, 1.109858751296997, 0.83598393201828, 0.7344785332679749, 1.1172269582748413, 0.9366666674613953, 0.9615368843078613, 0.7469180822372437, 0.8402345180511475, 0.8688639402389526, 0.9414016604423523, 0.8863242268562317, 0.9412522315979004, 0.8959351778030396, 0.8839495182037354, 0.8914680480957031, 0.805502712726593], 'precision': [0.5675675868988037, 0.5, 0.4838709533214569, 0.5833333134651184, 0.4285714328289032, 0.4864864945411682, 0.5588235259056091, 0.4482758641242981, 0.517241358757019, 0.6428571343421936, 0.4375, 0.5714285969734192, 0.5161290168762207, 0.6000000238418579, 0.6153846383094788, 0.5384615659713745, 0.4583333432674408, 0.6129032373428345, 0.4848484992980957, 0.44999998807907104, 0.5454545617103577, 0.5277777910232544, 0.5161290168762207], 'recall': [0.65625, 0.4375, 0.46875, 0.65625, 0.375, 0.5625, 0.59375, 0.40625, 0.46875, 0.5625, 0.4375, 0.625, 0.5, 0.5625, 0.5, 0.65625, 0.34375, 0.59375, 0.5, 0.5625, 0.5625, 0.59375, 0.5], 'val_accuracy': [0.6875, 0.6875, 0.6875, 0.6875, 0.6875, 0.6875, 0.6875, 0.6875, 0.6875, 0.6875, 0.6875, 0.6875, 0.6875, 0.6875, 0.6875, 0.6875, 0.6875, 0.6875, 0.6875, 0.6875, 0.6875, 0.6875, 0.6875], 'val_auc': [0.5363636016845703, 0.5454545617103577, 0.5545454621315002, 0.5454545021057129, 0.5636363625526428, 0.5363636016845703, 0.5454545617103577, 0.5636363625526428, 0.5636363625526428, 0.5636363625526428, 0.5545454025268555, 0.5545454025268555, 0.5363636016845703, 0.5454545021057129, 0.5454545617103577, 0.5454545617103577, 0.5454545617103577, 0.5636363625526428, 0.581818163394928, 0.581818163394928, 0.581818163394928, 0.5909091234207153, 0.5909091234207153], 'val_loss': [0.632339358329773, 0.6299594640731812, 0.6280453205108643, 0.62627774477005, 0.6241885423660278, 0.6223078966140747, 0.6207164525985718, 0.6193726062774658, 0.6183083057403564, 0.6174273490905762, 0.6166365146636963, 0.6159026622772217, 0.6152903437614441, 0.6147892475128174, 0.6142988204956055, 0.613843560218811, 0.6133606433868408, 0.6131418943405151, 0.6131571531295776, 0.6132778525352478, 0.6135578155517578, 0.6138781905174255, 0.6142216324806213], 'val_precision': [0.0, 0.0, 0.0, 0.0, 0.0, 0.0, 0.0, 0.0, 0.0, 0.0, 0.0, 0.0, 0.0, 0.0, 0.0, 0.0, 0.0, 0.0, 0.0, 0.0, 0.0, 0.0, 0.0], 'val_recall': [0.0, 0.0, 0.0, 0.0, 0.0, 0.0, 0.0, 0.0, 0.0, 0.0, 0.0, 0.0, 0.0, 0.0, 0.0, 0.0, 0.0, 0.0, 0.0, 0.0, 0.0, 0.0, 0.0]}","{'cnn_filters': 32, 'cnn_kernel': 7, 'lstm_units': 256, 'dnn_units': 128, 'dropout_rate': 0.4, 'learning_rate': 0.0001661634932156329, 'batch_size': 128}",COMPLETE
