number,value,datetime_start,datetime_complete,duration,params_batch_size,params_cnn_filters,params_cnn_kernel,params_dnn_units,params_dropout_rate,params_learning_rate,params_lstm_units,user_attrs_history,user_attrs_hyperparams,state
2,0.6229612827301025,2025-06-25 14:25:34.306315,2025-06-25 14:25:43.204898,0 days 00:00:08.898583,256,64,3,128,0.30000000000000004,7.750349049134376e-05,256,"{'accuracy': [0.53125, 0.515625, 0.5625, 0.59375, 0.578125, 0.625, 0.5, 0.453125, 0.671875, 0.546875, 0.40625, 0.59375, 0.53125, 0.578125, 0.578125, 0.5, 0.625, 0.515625, 0.515625, 0.53125, 0.578125, 0.65625, 0.546875, 0.578125, 0.59375, 0.640625, 0.5, 0.703125, 0.59375, 0.6875, 0.65625, 0.625, 0.578125, 0.5625, 0.640625, 0.828125, 0.703125, 0.640625, 0.5625, 0.671875, 0.671875, 0.640625, 0.546875, 0.734375, 0.59375, 0.625, 0.734375, 0.65625, 0.625, 0.609375], 'auc': [0.515625, 0.517578125, 0.654296875, 0.61572265625, 0.56298828125, 0.62353515625, 0.55517578125, 0.5126953125, 0.7080078125, 0.6572265625, 0.4423828125, 0.62548828125, 0.5458984375, 0.66455078125, 0.56787109375, 0.4814453125, 0.6748046875, 0.5244140625, 0.50048828125, 0.53271484375, 0.625, 0.64111328125, 0.59228515625, 0.5751953125, 0.6220703125, 0.70751953125, 0.521484375, 0.74169921875, 0.658203125, 0.62939453125, 0.73291015625, 0.60986328125, 0.626953125, 0.58642578125, 0.6640625, 0.8603515625, 0.72802734375, 0.71044921875, 0.63916015625, 0.76513671875, 0.70458984375, 0.65478515625, 0.6357421875, 0.8359375, 0.71337890625, 0.63037109375, 0.8134765625, 0.7353515625, 0.67529296875, 0.634765625], 'loss': [1.0014071464538574, 0.8919473886489868, 0.7631168365478516, 0.7800230979919434, 0.8648300766944885, 0.7868488430976868, 0.9088802337646484, 0.9595566987991333, 0.6796783208847046, 0.7582772970199585, 1.010207176208496, 0.7426901459693909, 0.8883817791938782, 0.7087224125862122, 0.8861105442047119, 0.9857710003852844, 0.7136241793632507, 0.9061061143875122, 0.8892697691917419, 0.9976558685302734, 0.7822550535202026, 0.7657409906387329, 0.8329641819000244, 0.8194012641906738, 0.7786219120025635, 0.6889827251434326, 0.9291200637817383, 0.6488480567932129, 0.7377896308898926, 0.7888199090957642, 0.6373098492622375, 0.8009563684463501, 0.7536863088607788, 0.8102383613586426, 0.7380526065826416, 0.45420578122138977, 0.6577367186546326, 0.6224141120910645, 0.7223283052444458, 0.6088525056838989, 0.6849203109741211, 0.7500501275062561, 0.7691010236740112, 0.49783289432525635, 0.6857725381851196, 0.8071511387825012, 0.5326480269432068, 0.6096035838127136, 0.7399767637252808, 0.7925394773483276], 'precision': [0.529411792755127, 0.5185185074806213, 0.5588235259056091, 0.5882353186607361, 0.5925925970077515, 0.6111111044883728, 0.5, 0.4545454680919647, 0.6571428775787354, 0.5428571701049805, 0.3928571343421936, 0.6000000238418579, 0.53125, 0.5806451439857483, 0.5806451439857483, 0.5, 0.6333333253860474, 0.5161290168762207, 0.5151515007019043, 0.529411792755127, 0.5862069129943848, 0.65625, 0.5483871102333069, 0.5714285969734192, 0.6071428656578064, 0.6666666865348816, 0.5, 0.7241379022598267, 0.59375, 0.7142857313156128, 0.6470588445663452, 0.6176470518112183, 0.5806451439857483, 0.5769230723381042, 0.6363636255264282, 0.8181818127632141, 0.6857143044471741, 0.6285714507102966, 0.5625, 0.7200000286102295, 0.6666666865348816, 0.6551724076271057, 0.5517241358757019, 0.7419354915618896, 0.5833333134651184, 0.625, 0.7142857313156128, 0.7083333134651184, 0.625, 0.6000000238418579], 'recall': [0.5625, 0.4375, 0.59375, 0.625, 0.5, 0.6875, 0.46875, 0.46875, 0.71875, 0.59375, 0.34375, 0.5625, 0.53125, 0.5625, 0.5625, 0.53125, 0.59375, 0.5, 0.53125, 0.5625, 0.53125, 0.65625, 0.53125, 0.625, 0.53125, 0.5625, 0.5, 0.65625, 0.59375, 0.625, 0.6875, 0.65625, 0.5625, 0.46875, 0.65625, 0.84375, 0.75, 0.6875, 0.5625, 0.5625, 0.6875, 0.59375, 0.5, 0.71875, 0.65625, 0.625, 0.78125, 0.53125, 0.625, 0.65625], 'val_accuracy': [0.375, 0.375, 0.375, 0.4375, 0.4375, 0.4375, 0.5, 0.5, 0.4375, 0.375, 0.375, 0.375, 0.5, 0.5625, 0.625, 0.75, 0.75, 0.75, 0.75, 0.75, 0.75, 0.6875, 0.6875, 0.6875, 0.6875, 0.6875, 0.6875, 0.6875, 0.6875, 0.6875, 0.6875, 0.6875, 0.6875, 0.6875, 0.6875, 0.6875, 0.6875, 0.6875, 0.6875, 0.6875, 0.6875, 0.6875, 0.6875, 0.6875, 0.6875, 0.6875, 0.6875, 0.6875, 0.6875, 0.6875], 'val_auc': [0.5909090638160706, 0.6090909242630005, 0.6181818246841431, 0.5909091234207153, 0.6181818246841431, 0.6090909242630005, 0.6363636255264282, 0.6090909242630005, 0.6454545259475708, 0.6454545259475708, 0.6272727251052856, 0.6545454263687134, 0.6454545259475708, 0.6727272272109985, 0.663636326789856, 0.6454545259475708, 0.6545454263687134, 0.6545454263687134, 0.6818181872367859, 0.6636363863945007, 0.6818182468414307, 0.6636363863945007, 0.6909091472625732, 0.6727272868156433, 0.6545454263687134, 0.6727273464202881, 0.6636363863945007, 0.6818181872367859, 0.6727272868156433, 0.6636363863945007, 0.6545454263687134, 0.6818181276321411, 0.6454545259475708, 0.6545454859733582, 0.6636363863945007, 0.6545454263687134, 0.6363636255264282, 0.6727272868156433, 0.6636363863945007, 0.6363636255264282, 0.6545454859733582, 0.6272727251052856, 0.6363636255264282, 0.6090909242630005, 0.6272727251052856, 0.6181818246841431, 0.6000000238418579, 0.6090909242630005, 0.6000000238418579, 0.6090909242630005], 'val_loss': [0.7131072878837585, 0.7120908498764038, 0.7100580334663391, 0.7079411149024963, 0.705426812171936, 0.7027971744537354, 0.7002838850021362, 0.6977627277374268, 0.6946970224380493, 0.6918620467185974, 0.689064621925354, 0.6864688396453857, 0.6839208602905273, 0.6812259554862976, 0.678642749786377, 0.6763442158699036, 0.6739195585250854, 0.6713823080062866, 0.6688265800476074, 0.6666734218597412, 0.6646581888198853, 0.6628954410552979, 0.661003589630127, 0.6589697599411011, 0.6572020053863525, 0.6553810834884644, 0.6535460948944092, 0.6519155502319336, 0.6499185562133789, 0.6479032039642334, 0.6459898948669434, 0.643918514251709, 0.642149806022644, 0.6406583786010742, 0.6389678716659546, 0.6373143196105957, 0.6357526779174805, 0.6342434883117676, 0.6326947212219238, 0.6313649415969849, 0.629907488822937, 0.6286399364471436, 0.6275377869606018, 0.6264891624450684, 0.6256340146064758, 0.6249076128005981, 0.6243491172790527, 0.6237587928771973, 0.6233236789703369, 0.6229612827301025], 'val_precision': [0.3333333432674408, 0.3333333432674408, 0.3333333432674408, 0.3571428656578064, 0.3571428656578064, 0.3571428656578064, 0.38461539149284363, 0.38461539149284363, 0.3333333432674408, 0.27272728085517883, 0.27272728085517883, 0.27272728085517883, 0.3333333432674408, 0.375, 0.4000000059604645, 0.6666666865348816, 0.6666666865348816, 0.6666666865348816, 1.0, 1.0, 1.0, 0.0, 0.0, 0.0, 0.0, 0.0, 0.0, 0.0, 0.0, 0.0, 0.0, 0.0, 0.0, 0.0, 0.0, 0.0, 0.0, 0.0, 0.0, 0.0, 0.0, 0.0, 0.0, 0.0, 0.0, 0.0, 0.0, 0.0, 0.0, 0.0], 'val_recall': [1.0, 1.0, 1.0, 1.0, 1.0, 1.0, 1.0, 1.0, 0.800000011920929, 0.6000000238418579, 0.6000000238418579, 0.6000000238418579, 0.6000000238418579, 0.6000000238418579, 0.4000000059604645, 0.4000000059604645, 0.4000000059604645, 0.4000000059604645, 0.20000000298023224, 0.20000000298023224, 0.20000000298023224, 0.0, 0.0, 0.0, 0.0, 0.0, 0.0, 0.0, 0.0, 0.0, 0.0, 0.0, 0.0, 0.0, 0.0, 0.0, 0.0, 0.0, 0.0, 0.0, 0.0, 0.0, 0.0, 0.0, 0.0, 0.0, 0.0, 0.0, 0.0, 0.0]}","{'cnn_filters': 64, 'cnn_kernel': 3, 'lstm_units': 256, 'dnn_units': 128, 'dropout_rate': 0.30000000000000004, 'learning_rate': 7.750349049134376e-05, 'batch_size': 256}",COMPLETE
3,0.634170651435852,2025-06-25 14:25:43.205497,2025-06-25 14:25:46.840159,0 days 00:00:03.634662,256,128,5,512,0.1,1.1961097896484992e-05,64,"{'accuracy': [0.5, 0.671875, 0.578125, 0.578125, 0.59375, 0.515625, 0.546875, 0.65625, 0.671875, 0.671875, 0.484375], 'auc': [0.56103515625, 0.6884765625, 0.65576171875, 0.63427734375, 0.61669921875, 0.55322265625, 0.634765625, 0.7763671875, 0.646484375, 0.68896484375, 0.58349609375], 'loss': [0.7732189893722534, 0.6837738752365112, 0.7034323811531067, 0.7165125012397766, 0.7787307500839233, 0.8245226740837097, 0.698738694190979, 0.5705791711807251, 0.7001186609268188, 0.6809682250022888, 0.7780890464782715], 'precision': [0.5, 0.6666666865348816, 0.5925925970077515, 0.5806451439857483, 0.5882353186607361, 0.517241358757019, 0.5483871102333069, 0.6666666865348816, 0.7037037014961243, 0.6774193644523621, 0.4848484992980957], 'recall': [0.46875, 0.6875, 0.5, 0.5625, 0.625, 0.46875, 0.53125, 0.625, 0.59375, 0.65625, 0.5], 'val_accuracy': [0.6875, 0.6875, 0.6875, 0.6875, 0.6875, 0.6875, 0.6875, 0.6875, 0.6875, 0.6875, 0.6875], 'val_auc': [0.3909091055393219, 0.40909093618392944, 0.41818180680274963, 0.41818180680274963, 0.4272727370262146, 0.4272727370262146, 0.4272727370262146, 0.4363636374473572, 0.40909093618392944, 0.4363636374473572, 0.4363636374473572], 'val_loss': [0.6345219016075134, 0.6344709992408752, 0.6343334913253784, 0.6342834830284119, 0.6342222690582275, 0.634170651435852, 0.6342215538024902, 0.6342283487319946, 0.6342235207557678, 0.6341789364814758, 0.6342442035675049], 'val_precision': [0.0, 0.0, 0.0, 0.0, 0.0, 0.0, 0.0, 0.0, 0.0, 0.0, 0.0], 'val_recall': [0.0, 0.0, 0.0, 0.0, 0.0, 0.0, 0.0, 0.0, 0.0, 0.0, 0.0]}","{'cnn_filters': 128, 'cnn_kernel': 5, 'lstm_units': 64, 'dnn_units': 512, 'dropout_rate': 0.1, 'learning_rate': 1.1961097896484992e-05, 'batch_size': 256}",COMPLETE
4,0.6342920660972595,2025-06-25 14:25:46.840890,2025-06-25 14:25:53.816975,0 days 00:00:06.976085,64,128,5,512,0.1,0.00014848992557256626,64,"{'accuracy': [0.5625, 0.515625, 0.59375, 0.59375, 0.671875, 0.59375, 0.546875, 0.5625, 0.5625, 0.671875, 0.6875, 0.640625, 0.671875, 0.71875, 0.6875, 0.640625, 0.703125, 0.78125, 0.765625, 0.734375, 0.6875, 0.765625, 0.703125, 0.765625, 0.75, 0.765625, 0.875, 0.828125, 0.765625, 0.78125, 0.8125, 0.765625, 0.828125, 0.734375, 0.796875, 0.796875, 0.859375, 0.859375, 0.890625, 0.859375, 0.890625, 0.765625, 0.890625, 0.8125, 0.84375, 0.859375, 0.828125, 0.90625, 0.875, 0.84375], 'auc': [0.5107421875, 0.57373046875, 0.60791015625, 0.576171875, 0.67041015625, 0.59619140625, 0.638671875, 0.61474609375, 0.6376953125, 0.67529296875, 0.6884765625, 0.6787109375, 0.75146484375, 0.77197265625, 0.73388671875, 0.69921875, 0.81591796875, 0.88427734375, 0.82470703125, 0.814453125, 0.75390625, 0.85009765625, 0.8076171875, 0.83154296875, 0.8466796875, 0.80126953125, 0.93212890625, 0.91552734375, 0.79150390625, 0.849609375, 0.85009765625, 0.89111328125, 0.93359375, 0.869140625, 0.88623046875, 0.87353515625, 0.9091796875, 0.90966796875, 0.97265625, 0.9658203125, 0.93017578125, 0.89599609375, 0.93603515625, 0.947265625, 0.939453125, 0.92138671875, 0.91845703125, 0.93701171875, 0.951171875, 0.9248046875], 'loss': [0.9288496375083923, 0.8426029682159424, 0.8130702972412109, 0.7802013158798218, 0.7233203649520874, 0.7722141742706299, 0.7275252342224121, 0.754382848739624, 0.7664737701416016, 0.7154691219329834, 0.6825377941131592, 0.6729333400726318, 0.6123151779174805, 0.6118857860565186, 0.6289380788803101, 0.6875537633895874, 0.5120378136634827, 0.459963858127594, 0.5013198852539062, 0.5385961532592773, 0.5993239283561707, 0.4889705181121826, 0.5235257148742676, 0.5028504133224487, 0.49338045716285706, 0.5402165651321411, 0.3928554058074951, 0.4142211377620697, 0.5595048666000366, 0.47743356227874756, 0.4760715961456299, 0.43014955520629883, 0.3697592318058014, 0.45241397619247437, 0.43080267310142517, 0.4570377767086029, 0.4087580740451813, 0.397725909948349, 0.335129976272583, 0.3265698552131653, 0.37296709418296814, 0.4160838723182678, 0.3662874102592468, 0.3421688675880432, 0.3465491533279419, 0.40155553817749023, 0.3893498182296753, 0.3535707890987396, 0.353624165058136, 0.3862677812576294], 'precision': [0.5588235259056091, 0.5151515007019043, 0.6000000238418579, 0.59375, 0.6774193644523621, 0.5833333134651184, 0.5428571701049805, 0.5625, 0.5588235259056091, 0.6571428775787354, 0.6764705777168274, 0.6451612710952759, 0.6486486196517944, 0.75, 0.6875, 0.6363636255264282, 0.7096773982048035, 0.800000011920929, 0.8148148059844971, 0.7272727489471436, 0.6764705777168274, 0.8148148059844971, 0.6857143044471741, 0.7575757503509521, 0.75, 0.7575757503509521, 0.875, 0.8387096524238586, 0.7575757503509521, 0.800000011920929, 0.8333333134651184, 0.7428571581840515, 0.8181818127632141, 0.7586206793785095, 0.7714285850524902, 0.7878788113594055, 0.8709677457809448, 0.8484848737716675, 0.9032257795333862, 0.8709677457809448, 0.8787878751754761, 0.7428571581840515, 0.9032257795333862, 0.8333333134651184, 0.8235294222831726, 0.8709677457809448, 0.8181818127632141, 0.9333333373069763, 0.8333333134651184, 0.8666666746139526], 'recall': [0.59375, 0.53125, 0.5625, 0.59375, 0.65625, 0.65625, 0.59375, 0.5625, 0.59375, 0.71875, 0.71875, 0.625, 0.75, 0.65625, 0.6875, 0.65625, 0.6875, 0.75, 0.6875, 0.75, 0.71875, 0.6875, 0.75, 0.78125, 0.75, 0.78125, 0.875, 0.8125, 0.78125, 0.75, 0.78125, 0.8125, 0.84375, 0.6875, 0.84375, 0.8125, 0.84375, 0.875, 0.875, 0.84375, 0.90625, 0.8125, 0.875, 0.78125, 0.875, 0.84375, 0.84375, 0.875, 0.9375, 0.8125], 'val_accuracy': [0.3125, 0.375, 0.4375, 0.4375, 0.4375, 0.5, 0.5, 0.4375, 0.5625, 0.5, 0.5625, 0.625, 0.6875, 0.75, 0.6875, 0.6875, 0.6875, 0.6875, 0.6875, 0.6875, 0.6875, 0.6875, 0.6875, 0.6875, 0.6875, 0.6875, 0.6875, 0.6875, 0.6875, 0.75, 0.75, 0.75, 0.75, 0.75, 0.75, 0.75, 0.75, 0.75, 0.75, 0.75, 0.75, 0.75, 0.75, 0.75, 0.75, 0.75, 0.75, 0.75, 0.75, 0.75], 'val_auc': [0.6000000238418579, 0.6363636255264282, 0.6090909242630005, 0.6272727251052856, 0.6363636255264282, 0.6272727251052856, 0.6272727251052856, 0.6454545855522156, 0.6454545259475708, 0.6727272868156433, 0.663636326789856, 0.6909090876579285, 0.718181848526001, 0.718181848526001, 0.7272727489471436, 0.7181817889213562, 0.7545454502105713, 0.7727272510528564, 0.7727273106575012, 0.781818151473999, 0.7727273106575012, 0.7727272510528564, 0.7909090518951416, 0.7636363506317139, 0.7636363506317139, 0.7454545497894287, 0.7545454502105713, 0.7727272510528564, 0.7545455098152161, 0.7272727489471436, 0.7545454502105713, 0.7545454502105713, 0.7181817889213562, 0.7454545497894287, 0.7454545497894287, 0.7272727489471436, 0.718181848526001, 0.7272727489471436, 0.7181817889213562, 0.699999988079071, 0.7000000476837158, 0.699999988079071, 0.718181848526001, 0.718181848526001, 0.6909090280532837, 0.7090908885002136, 0.7090908885002136, 0.7090908885002136, 0.6818181872367859, 0.6818181872367859], 'val_loss': [0.7351975440979004, 0.7262455224990845, 0.7178633213043213, 0.7112389802932739, 0.7050254344940186, 0.6993157863616943, 0.6937729120254517, 0.6883242130279541, 0.6832129955291748, 0.6782649755477905, 0.6735143065452576, 0.6690412759780884, 0.6651149392127991, 0.6617131233215332, 0.6588544845581055, 0.6561819911003113, 0.6542301177978516, 0.6525235176086426, 0.6508780121803284, 0.6493160724639893, 0.6481359004974365, 0.6470701694488525, 0.6460132598876953, 0.6448415517807007, 0.6438931226730347, 0.6433646082878113, 0.6429105997085571, 0.6423599720001221, 0.6416667699813843, 0.6409426927566528, 0.6405505537986755, 0.6401714086532593, 0.6396360397338867, 0.6391980648040771, 0.6386700868606567, 0.638292133808136, 0.6380776166915894, 0.6377444267272949, 0.6371692419052124, 0.6366704702377319, 0.6363624334335327, 0.6362677812576294, 0.6360012292861938, 0.635756254196167, 0.6353315114974976, 0.6349624991416931, 0.6348321437835693, 0.634685754776001, 0.6344726085662842, 0.6342920660972595], 'val_precision': [0.3125, 0.3333333432674408, 0.3571428656578064, 0.3571428656578064, 0.3571428656578064, 0.38461539149284363, 0.38461539149284363, 0.3333333432674408, 0.4000000059604645, 0.3333333432674408, 0.3333333432674408, 0.4000000059604645, 0.5, 0.6666666865348816, 0.5, 0.5, 0.5, 0.5, 0.5, 0.5, 0.5, 0.5, 0.5, 0.5, 0.5, 0.5, 0.5, 0.5, 0.5, 1.0, 1.0, 1.0, 1.0, 1.0, 1.0, 1.0, 1.0, 1.0, 1.0, 1.0, 1.0, 1.0, 1.0, 1.0, 1.0, 1.0, 1.0, 1.0, 1.0, 1.0], 'val_recall': [1.0, 1.0, 1.0, 1.0, 1.0, 1.0, 1.0, 0.800000011920929, 0.800000011920929, 0.6000000238418579, 0.4000000059604645, 0.4000000059604645, 0.4000000059604645, 0.4000000059604645, 0.20000000298023224, 0.20000000298023224, 0.20000000298023224, 0.20000000298023224, 0.20000000298023224, 0.20000000298023224, 0.20000000298023224, 0.20000000298023224, 0.20000000298023224, 0.20000000298023224, 0.20000000298023224, 0.20000000298023224, 0.20000000298023224, 0.20000000298023224, 0.20000000298023224, 0.20000000298023224, 0.20000000298023224, 0.20000000298023224, 0.20000000298023224, 0.20000000298023224, 0.20000000298023224, 0.20000000298023224, 0.20000000298023224, 0.20000000298023224, 0.20000000298023224, 0.20000000298023224, 0.20000000298023224, 0.20000000298023224, 0.20000000298023224, 0.20000000298023224, 0.20000000298023224, 0.20000000298023224, 0.20000000298023224, 0.20000000298023224, 0.20000000298023224, 0.20000000298023224]}","{'cnn_filters': 128, 'cnn_kernel': 5, 'lstm_units': 64, 'dnn_units': 512, 'dropout_rate': 0.1, 'learning_rate': 0.00014848992557256626, 'batch_size': 64}",COMPLETE
5,0.6436011791229248,2025-06-25 14:25:53.817468,2025-06-25 14:25:57.558623,0 days 00:00:03.741155,256,128,3,256,0.1,0.0008420523749711361,256,"{'accuracy': [0.421875, 0.625, 0.875, 0.8125, 0.859375, 0.875, 0.9375, 0.96875], 'auc': [0.49169921875, 0.72705078125, 0.85546875, 0.88623046875, 0.9404296875, 0.9697265625, 0.994140625, 0.9990234375], 'loss': [0.9626529812812805, 0.6083785891532898, 0.4751107394695282, 0.4211764335632324, 0.33303385972976685, 0.24686825275421143, 0.20950403809547424, 0.14135268330574036], 'precision': [0.4324324429035187, 0.625, 0.875, 0.8125, 0.8484848737716675, 0.875, 0.9375, 0.96875], 'recall': [0.5, 0.625, 0.875, 0.8125, 0.875, 0.875, 0.9375, 0.96875], 'val_accuracy': [0.5625, 0.6875, 0.6875, 0.6875, 0.6875, 0.6875, 0.6875, 0.6875], 'val_auc': [0.5181818008422852, 0.5545454621315002, 0.5545454621315002, 0.4909090995788574, 0.5090909004211426, 0.5090909004211426, 0.5090909004211426, 0.5272727608680725], 'val_loss': [0.683375358581543, 0.6524255871772766, 0.6436011791229248, 0.6479469537734985, 0.6504637002944946, 0.6511520743370056, 0.6497809886932373, 0.6439757347106934], 'val_precision': [0.25, 0.0, 0.0, 0.0, 0.0, 0.0, 0.0, 0.0], 'val_recall': [0.20000000298023224, 0.0, 0.0, 0.0, 0.0, 0.0, 0.0, 0.0]}","{'cnn_filters': 128, 'cnn_kernel': 3, 'lstm_units': 256, 'dnn_units': 256, 'dropout_rate': 0.1, 'learning_rate': 0.0008420523749711361, 'batch_size': 256}",COMPLETE
6,0.6303116679191589,2025-06-25 14:25:57.559009,2025-06-25 14:26:00.749598,0 days 00:00:03.190589,256,64,3,512,0.1,1.1646824739701117e-05,256,"{'accuracy': [0.5, 0.484375, 0.453125, 0.546875, 0.53125, 0.59375], 'auc': [0.484375, 0.513671875, 0.4189453125, 0.5498046875, 0.572265625, 0.57568359375], 'loss': [0.9965716600418091, 0.8014351725578308, 1.0066295862197876, 0.8685837984085083, 0.7706621885299683, 0.8208827376365662], 'precision': [0.5, 0.4848484992980957, 0.4571428596973419, 0.5483871102333069, 0.5333333611488342, 0.59375], 'recall': [0.5, 0.5, 0.5, 0.53125, 0.5, 0.59375], 'val_accuracy': [0.625, 0.625, 0.625, 0.625, 0.625, 0.625], 'val_auc': [0.7636363506317139, 0.7454545497894287, 0.7545454502105713, 0.7636363506317139, 0.7545454502105713, 0.7636363506317139], 'val_loss': [0.6303116679191589, 0.6309048533439636, 0.6315853595733643, 0.632228672504425, 0.6328956484794617, 0.6336239576339722], 'val_precision': [0.0, 0.0, 0.0, 0.0, 0.0, 0.0], 'val_recall': [0.0, 0.0, 0.0, 0.0, 0.0, 0.0]}","{'cnn_filters': 64, 'cnn_kernel': 3, 'lstm_units': 256, 'dnn_units': 512, 'dropout_rate': 0.1, 'learning_rate': 1.1646824739701117e-05, 'batch_size': 256}",COMPLETE
7,0.7637429237365723,2025-06-25 14:26:00.750210,2025-06-25 14:26:03.195470,0 days 00:00:02.445260,256,32,5,256,0.1,1.2911405366956938e-05,64,"{'accuracy': [0.5625, 0.578125, 0.515625, 0.5625, 0.53125, 0.453125], 'auc': [0.54736328125, 0.5654296875, 0.59326171875, 0.54443359375, 0.51611328125, 0.4560546875], 'loss': [0.9077557325363159, 0.838395893573761, 0.7832316160202026, 0.8974265456199646, 0.902186393737793, 0.9397300481796265], 'precision': [0.5588235259056091, 0.5862069129943848, 0.5151515007019043, 0.5625, 0.53125, 0.4516128897666931], 'recall': [0.59375, 0.53125, 0.53125, 0.5625, 0.53125, 0.4375], 'val_accuracy': [0.3125, 0.3125, 0.3125, 0.3125, 0.3125, 0.3125], 'val_auc': [0.6090909242630005, 0.6000000238418579, 0.5818182229995728, 0.6181818246841431, 0.6090909242630005, 0.6000000238418579], 'val_loss': [0.7637429237365723, 0.7642877101898193, 0.7649498581886292, 0.7657307386398315, 0.7664661407470703, 0.7672450542449951], 'val_precision': [0.3125, 0.3125, 0.3125, 0.3125, 0.3125, 0.3125], 'val_recall': [1.0, 1.0, 1.0, 1.0, 1.0, 1.0]}","{'cnn_filters': 32, 'cnn_kernel': 5, 'lstm_units': 64, 'dnn_units': 256, 'dropout_rate': 0.1, 'learning_rate': 1.2911405366956938e-05, 'batch_size': 256}",COMPLETE
