number,value,datetime_start,datetime_complete,duration,params_batch_size,params_cnn_filters,params_cnn_kernel,params_dnn_units,params_dropout_rate,params_learning_rate,params_lstm_units,user_attrs_history,user_attrs_hyperparams,state
25,0.6334681510925293,2025-06-25 14:27:46.328370,2025-06-25 14:27:52.856916,0 days 00:00:06.528546,64,32,7,128,0.5,0.0004898027871721439,128,"{'accuracy': [0.4375, 0.46875, 0.578125, 0.53125, 0.53125, 0.46875, 0.59375, 0.578125, 0.4375, 0.453125, 0.4375, 0.5, 0.671875, 0.515625, 0.5625, 0.53125, 0.5625, 0.546875, 0.53125, 0.53125, 0.546875, 0.546875, 0.53125, 0.59375, 0.421875, 0.59375, 0.5625, 0.640625, 0.546875, 0.59375, 0.59375, 0.546875, 0.53125, 0.59375, 0.59375, 0.546875, 0.703125, 0.5625, 0.546875, 0.609375, 0.546875, 0.671875, 0.578125, 0.46875, 0.5625, 0.59375, 0.703125, 0.578125, 0.4375, 0.625], 'auc': [0.40283203125, 0.505859375, 0.5595703125, 0.56005859375, 0.5673828125, 0.4833984375, 0.58837890625, 0.5458984375, 0.3984375, 0.46044921875, 0.42822265625, 0.5859375, 0.693359375, 0.529296875, 0.58544921875, 0.48388671875, 0.56201171875, 0.52783203125, 0.52099609375, 0.5166015625, 0.54052734375, 0.5263671875, 0.57568359375, 0.646484375, 0.41748046875, 0.6591796875, 0.62890625, 0.62744140625, 0.58544921875, 0.65185546875, 0.63916015625, 0.611328125, 0.56689453125, 0.6328125, 0.6123046875, 0.60693359375, 0.7001953125, 0.6162109375, 0.58837890625, 0.66845703125, 0.60302734375, 0.73779296875, 0.63037109375, 0.50439453125, 0.57861328125, 0.64892578125, 0.7236328125, 0.54833984375, 0.4970703125, 0.6572265625], 'loss': [1.206517219543457, 1.027296781539917, 0.9826687574386597, 1.0373815298080444, 0.9388526678085327, 1.148478388786316, 0.8196543455123901, 1.0276918411254883, 1.3010854721069336, 1.068140983581543, 1.2205772399902344, 0.8381195664405823, 0.7204208374023438, 0.9576223492622375, 0.8588535785675049, 1.051830768585205, 0.8854614496231079, 0.9688600301742554, 1.0016167163848877, 0.8594517111778259, 1.0047869682312012, 0.9057937264442444, 0.8306371569633484, 0.767035722732544, 1.1268421411514282, 0.7691646814346313, 0.7524018287658691, 0.7736994028091431, 0.860262930393219, 0.8377398252487183, 0.7441920042037964, 0.8486833572387695, 0.8798046112060547, 0.7461323142051697, 0.8427197933197021, 0.8424318432807922, 0.7085476517677307, 0.8144846558570862, 0.9091559648513794, 0.7098613977432251, 0.8059444427490234, 0.6352101564407349, 0.7727751731872559, 0.9750290513038635, 0.8519479036331177, 0.77211594581604, 0.6418868899345398, 0.9087625741958618, 1.0071030855178833, 0.726595938205719], 'precision': [0.4333333373069763, 0.46875, 0.5757575631141663, 0.5277777910232544, 0.5277777910232544, 0.4642857015132904, 0.5833333134651184, 0.5757575631141663, 0.4375, 0.45945945382118225, 0.4444444477558136, 0.5, 0.7200000286102295, 0.517241358757019, 0.5625, 0.53125, 0.5666666626930237, 0.5454545617103577, 0.5333333611488342, 0.529411792755127, 0.5454545617103577, 0.5454545617103577, 0.53125, 0.5882353186607361, 0.4285714328289032, 0.5882353186607361, 0.5666666626930237, 0.6666666865348816, 0.5517241358757019, 0.6000000238418579, 0.5882353186607361, 0.5428571701049805, 0.53125, 0.6153846383094788, 0.5882353186607361, 0.5483871102333069, 0.6969696879386902, 0.5666666626930237, 0.5454545617103577, 0.6129032373428345, 0.5454545617103577, 0.6666666865348816, 0.5806451439857483, 0.47058823704719543, 0.5555555820465088, 0.6000000238418579, 0.7096773982048035, 0.5806451439857483, 0.4375, 0.6333333253860474], 'recall': [0.40625, 0.46875, 0.59375, 0.59375, 0.59375, 0.40625, 0.65625, 0.59375, 0.4375, 0.53125, 0.5, 0.5, 0.5625, 0.46875, 0.5625, 0.53125, 0.53125, 0.5625, 0.5, 0.5625, 0.5625, 0.5625, 0.53125, 0.625, 0.46875, 0.625, 0.53125, 0.5625, 0.5, 0.5625, 0.625, 0.59375, 0.53125, 0.5, 0.625, 0.53125, 0.71875, 0.53125, 0.5625, 0.59375, 0.5625, 0.6875, 0.5625, 0.5, 0.625, 0.5625, 0.6875, 0.5625, 0.4375, 0.59375], 'val_accuracy': [0.5, 0.5625, 0.625, 0.625, 0.6875, 0.6875, 0.6875, 0.6875, 0.6875, 0.6875, 0.6875, 0.6875, 0.6875, 0.6875, 0.6875, 0.6875, 0.6875, 0.6875, 0.6875, 0.6875, 0.6875, 0.6875, 0.6875, 0.6875, 0.6875, 0.6875, 0.6875, 0.6875, 0.6875, 0.6875, 0.6875, 0.6875, 0.6875, 0.6875, 0.6875, 0.6875, 0.6875, 0.6875, 0.6875, 0.6875, 0.6875, 0.6875, 0.6875, 0.6875, 0.6875, 0.6875, 0.6875, 0.6875, 0.6875, 0.6875], 'val_auc': [0.40909087657928467, 0.3909091055393219, 0.3909091055393219, 0.3909090757369995, 0.3909090757369995, 0.38181817531585693, 0.3909090757369995, 0.38181817531585693, 0.4000000059604645, 0.4272727370262146, 0.4272727370262146, 0.44545453786849976, 0.4272727370262146, 0.4272727370262146, 0.4363636374473572, 0.4363636374473572, 0.4363636374473572, 0.4909090995788574, 0.41818180680274963, 0.4727272689342499, 0.45454543828964233, 0.41818180680274963, 0.4636363685131073, 0.4363636374473572, 0.4272727370262146, 0.48181819915771484, 0.4000000059604645, 0.41818180680274963, 0.4272727072238922, 0.3999999761581421, 0.40909087657928467, 0.37272724509239197, 0.3909090757369995, 0.37272727489471436, 0.3545454144477844, 0.3636363744735718, 0.3545454442501068, 0.3636363446712494, 0.34545454382896423, 0.33636361360549927, 0.3545454442501068, 0.3181818127632141, 0.3272727131843567, 0.33636361360549927, 0.3272727131843567, 0.30909091234207153, 0.33636361360549927, 0.33636361360549927, 0.33636361360549927, 0.34545454382896423], 'val_loss': [0.6856081485748291, 0.6834914684295654, 0.6807999014854431, 0.6785582900047302, 0.6755847930908203, 0.6731836795806885, 0.6709110140800476, 0.6687844395637512, 0.666799008846283, 0.6650424003601074, 0.6636769771575928, 0.6623032689094543, 0.6608044505119324, 0.6594175696372986, 0.6582034230232239, 0.6570988893508911, 0.6559007167816162, 0.6546007990837097, 0.653581976890564, 0.6525778770446777, 0.6519538164138794, 0.6513251066207886, 0.6505031585693359, 0.649900496006012, 0.6488169431686401, 0.6477068066596985, 0.6465978026390076, 0.6453127861022949, 0.6444283723831177, 0.6437757015228271, 0.6431016325950623, 0.6424427628517151, 0.641939640045166, 0.6414303779602051, 0.6409980058670044, 0.640326738357544, 0.6397643089294434, 0.6392233371734619, 0.6386270523071289, 0.6380752325057983, 0.6373959183692932, 0.6367086172103882, 0.636100709438324, 0.6354329586029053, 0.6349457502365112, 0.6345206499099731, 0.6342129707336426, 0.6339294910430908, 0.6336987018585205, 0.6334681510925293], 'val_precision': [0.0, 0.0, 0.0, 0.0, 0.0, 0.0, 0.0, 0.0, 0.0, 0.0, 0.0, 0.0, 0.0, 0.0, 0.0, 0.0, 0.0, 0.0, 0.0, 0.0, 0.0, 0.0, 0.0, 0.0, 0.0, 0.0, 0.0, 0.0, 0.0, 0.0, 0.0, 0.0, 0.0, 0.0, 0.0, 0.0, 0.0, 0.0, 0.0, 0.0, 0.0, 0.0, 0.0, 0.0, 0.0, 0.0, 0.0, 0.0, 0.0, 0.0], 'val_recall': [0.0, 0.0, 0.0, 0.0, 0.0, 0.0, 0.0, 0.0, 0.0, 0.0, 0.0, 0.0, 0.0, 0.0, 0.0, 0.0, 0.0, 0.0, 0.0, 0.0, 0.0, 0.0, 0.0, 0.0, 0.0, 0.0, 0.0, 0.0, 0.0, 0.0, 0.0, 0.0, 0.0, 0.0, 0.0, 0.0, 0.0, 0.0, 0.0, 0.0, 0.0, 0.0, 0.0, 0.0, 0.0, 0.0, 0.0, 0.0, 0.0, 0.0]}","{'cnn_filters': 32, 'cnn_kernel': 7, 'lstm_units': 128, 'dnn_units': 128, 'dropout_rate': 0.5, 'learning_rate': 0.0004898027871721439, 'batch_size': 64}",COMPLETE
26,0.6139381527900696,2025-06-25 14:27:52.857439,2025-06-25 14:27:57.894376,0 days 00:00:05.036937,128,32,7,128,0.4,0.00021697549135837128,256,"{'accuracy': [0.578125, 0.53125, 0.46875, 0.453125, 0.609375, 0.4375, 0.578125, 0.546875, 0.5625, 0.5625, 0.5625, 0.46875, 0.5, 0.546875, 0.484375, 0.625, 0.5, 0.5625, 0.53125, 0.5625, 0.546875, 0.65625, 0.46875, 0.65625, 0.609375, 0.53125, 0.65625], 'auc': [0.57421875, 0.49365234375, 0.46728515625, 0.4375, 0.58154296875, 0.4697265625, 0.6328125, 0.50439453125, 0.56884765625, 0.54541015625, 0.58251953125, 0.509765625, 0.49462890625, 0.58984375, 0.5654296875, 0.63818359375, 0.53759765625, 0.646484375, 0.5673828125, 0.572265625, 0.5791015625, 0.712890625, 0.53271484375, 0.701171875, 0.7177734375, 0.583984375, 0.650390625], 'loss': [0.8299123048782349, 0.9809010028839111, 1.066138744354248, 1.0638551712036133, 0.9329957962036133, 1.0707589387893677, 0.7446361184120178, 0.9815365672111511, 0.9132716655731201, 0.8735010623931885, 0.8367096185684204, 0.9664963483810425, 0.9835097789764404, 0.8703227043151855, 0.8664276003837585, 0.7952972054481506, 0.9748420715332031, 0.7531300783157349, 0.8753751516342163, 0.9191585779190063, 0.9550756216049194, 0.6962485313415527, 0.9656372666358948, 0.7628780603408813, 0.6860880851745605, 0.7909841537475586, 0.7610944509506226], 'precision': [0.5862069129943848, 0.5277777910232544, 0.46666666865348816, 0.4482758641242981, 0.5945945978164673, 0.42307692766189575, 0.5757575631141663, 0.5454545617103577, 0.5666666626930237, 0.5714285969734192, 0.5588235259056091, 0.4642857015132904, 0.5, 0.5483871102333069, 0.48275861144065857, 0.6111111044883728, 0.5, 0.5625, 0.5333333611488342, 0.5625, 0.5483871102333069, 0.6388888955116272, 0.4749999940395355, 0.6388888955116272, 0.6060606241226196, 0.529411792755127, 0.6666666865348816], 'recall': [0.53125, 0.59375, 0.4375, 0.40625, 0.6875, 0.34375, 0.59375, 0.5625, 0.53125, 0.5, 0.59375, 0.40625, 0.5625, 0.53125, 0.4375, 0.6875, 0.5, 0.5625, 0.5, 0.5625, 0.53125, 0.71875, 0.59375, 0.71875, 0.625, 0.5625, 0.625], 'val_accuracy': [0.3125, 0.3125, 0.3125, 0.3125, 0.375, 0.5625, 0.6875, 0.6875, 0.6875, 0.6875, 0.6875, 0.6875, 0.6875, 0.6875, 0.6875, 0.6875, 0.6875, 0.6875, 0.6875, 0.6875, 0.6875, 0.6875, 0.6875, 0.6875, 0.6875, 0.6875, 0.6875], 'val_auc': [0.4272727370262146, 0.3999999761581421, 0.4363636374473572, 0.4909090995788574, 0.44545453786849976, 0.5090909004211426, 0.5181818008422852, 0.5363636612892151, 0.5181818008422852, 0.5181818008422852, 0.5272727012634277, 0.5363636612892151, 0.5636363625526428, 0.5454545617103577, 0.5818182229995728, 0.5636363625526428, 0.5727273225784302, 0.5727273225784302, 0.5727273225784302, 0.5727273225784302, 0.6000000238418579, 0.6090909242630005, 0.6181818246841431, 0.6636363863945007, 0.6545454263687134, 0.6636363863945007, 0.6727272868156433], 'val_loss': [0.788297712802887, 0.7594924569129944, 0.7367115616798401, 0.7182765603065491, 0.7024704217910767, 0.6882411241531372, 0.6752772927284241, 0.6643795371055603, 0.6561590433120728, 0.6491490006446838, 0.642914891242981, 0.6372110843658447, 0.6320234537124634, 0.6276808977127075, 0.6239693760871887, 0.6210904717445374, 0.6188568472862244, 0.6170397400856018, 0.6156594157218933, 0.6146878600120544, 0.614106297492981, 0.6139381527900696, 0.6140759587287903, 0.6144415736198425, 0.6152114272117615, 0.6160973310470581, 0.6172093152999878], 'val_precision': [0.3125, 0.3125, 0.3125, 0.2857142984867096, 0.3076923191547394, 0.3333333432674408, 0.5, 0.0, 0.0, 0.0, 0.0, 0.0, 0.0, 0.0, 0.0, 0.0, 0.0, 0.0, 0.0, 0.0, 0.0, 0.0, 0.0, 0.0, 0.0, 0.0, 0.0], 'val_recall': [1.0, 1.0, 1.0, 0.800000011920929, 0.800000011920929, 0.4000000059604645, 0.20000000298023224, 0.0, 0.0, 0.0, 0.0, 0.0, 0.0, 0.0, 0.0, 0.0, 0.0, 0.0, 0.0, 0.0, 0.0, 0.0, 0.0, 0.0, 0.0, 0.0, 0.0]}","{'cnn_filters': 32, 'cnn_kernel': 7, 'lstm_units': 256, 'dnn_units': 128, 'dropout_rate': 0.4, 'learning_rate': 0.00021697549135837128, 'batch_size': 128}",COMPLETE
27,0.6367261409759521,2025-06-25 14:27:57.894966,2025-06-25 14:28:05.933393,0 days 00:00:08.038427,64,128,5,128,0.30000000000000004,0.0008613365826919399,128,"{'accuracy': [0.53125, 0.5, 0.546875, 0.515625, 0.625, 0.546875, 0.578125, 0.671875, 0.59375, 0.71875, 0.703125, 0.65625, 0.671875, 0.640625, 0.75, 0.703125, 0.796875, 0.734375, 0.78125, 0.859375, 0.90625, 0.875, 0.8125, 0.796875, 0.765625, 0.875, 0.890625, 0.8125, 0.875, 0.84375, 0.84375, 0.890625, 0.90625, 0.90625, 0.90625, 0.890625, 0.890625, 0.84375, 0.90625, 0.859375, 0.921875, 0.9375, 0.953125, 0.921875, 0.921875, 0.953125, 0.9375, 0.9375, 0.921875, 0.90625], 'auc': [0.57666015625, 0.548828125, 0.57763671875, 0.55029296875, 0.73779296875, 0.59423828125, 0.64892578125, 0.6884765625, 0.689453125, 0.78857421875, 0.751953125, 0.7431640625, 0.775390625, 0.79638671875, 0.79736328125, 0.83740234375, 0.90380859375, 0.7998046875, 0.9169921875, 0.88623046875, 0.93359375, 0.92138671875, 0.90966796875, 0.88671875, 0.87890625, 0.96044921875, 0.93798828125, 0.9091796875, 0.962890625, 0.94140625, 0.92626953125, 0.9697265625, 0.97802734375, 0.9560546875, 0.9453125, 0.94873046875, 0.97119140625, 0.93115234375, 0.95068359375, 0.9443359375, 0.9736328125, 0.98828125, 0.9853515625, 0.98193359375, 0.9853515625, 0.98779296875, 0.982421875, 0.9921875, 0.9853515625, 0.97119140625], 'loss': [0.891746997833252, 0.8341681957244873, 0.8015701770782471, 0.8804007172584534, 0.6119600534439087, 0.8913618326187134, 0.7325972318649292, 0.7869248390197754, 0.6555733680725098, 0.5646042823791504, 0.6168348789215088, 0.6379583477973938, 0.6027848720550537, 0.5600165128707886, 0.5611963868141174, 0.5037469863891602, 0.3862761855125427, 0.55884850025177, 0.3882797062397003, 0.41713836789131165, 0.3404133915901184, 0.3615597188472748, 0.38315513730049133, 0.4209529161453247, 0.42848116159439087, 0.2766451835632324, 0.34696221351623535, 0.3889399766921997, 0.2707158327102661, 0.3303905725479126, 0.34137073159217834, 0.2436443567276001, 0.23734112083911896, 0.2929720878601074, 0.3020593523979187, 0.3048062324523926, 0.256418377161026, 0.323843777179718, 0.28902000188827515, 0.3079511523246765, 0.24397575855255127, 0.19962190091609955, 0.1936730146408081, 0.21896547079086304, 0.20366710424423218, 0.18691326677799225, 0.2106499969959259, 0.1843215376138687, 0.21002498269081116, 0.24483931064605713], 'precision': [0.5263158082962036, 0.5, 0.5428571701049805, 0.5151515007019043, 0.625, 0.5517241358757019, 0.5862069129943848, 0.6774193644523621, 0.6153846383094788, 0.7333333492279053, 0.7241379022598267, 0.6785714030265808, 0.6571428775787354, 0.6800000071525574, 0.7857142686843872, 0.7241379022598267, 0.8064516186714172, 0.7419354915618896, 0.8214285969734192, 0.8484848737716675, 0.9333333373069763, 0.875, 0.8333333134651184, 0.7878788113594055, 0.774193525314331, 0.8529411554336548, 0.931034505367279, 0.8125, 0.8529411554336548, 0.8055555820465088, 0.84375, 0.9032257795333862, 0.90625, 0.8823529481887817, 0.90625, 0.8787878751754761, 0.9032257795333862, 0.84375, 0.90625, 0.8709677457809448, 0.9354838728904724, 0.9117646813392639, 0.939393937587738, 0.9655172228813171, 0.9090909361839294, 0.939393937587738, 0.9666666388511658, 0.9666666388511658, 0.9090909361839294, 0.90625], 'recall': [0.625, 0.53125, 0.59375, 0.53125, 0.625, 0.5, 0.53125, 0.65625, 0.5, 0.6875, 0.65625, 0.59375, 0.71875, 0.53125, 0.6875, 0.65625, 0.78125, 0.71875, 0.71875, 0.875, 0.875, 0.875, 0.78125, 0.8125, 0.75, 0.90625, 0.84375, 0.8125, 0.90625, 0.90625, 0.84375, 0.875, 0.90625, 0.9375, 0.90625, 0.90625, 0.875, 0.84375, 0.90625, 0.84375, 0.90625, 0.96875, 0.96875, 0.875, 0.9375, 0.96875, 0.90625, 0.90625, 0.9375, 0.90625], 'val_accuracy': [0.3125, 0.3125, 0.3125, 0.3125, 0.3125, 0.375, 0.4375, 0.4375, 0.4375, 0.4375, 0.4375, 0.4375, 0.4375, 0.375, 0.375, 0.4375, 0.4375, 0.4375, 0.4375, 0.4375, 0.4375, 0.4375, 0.4375, 0.4375, 0.4375, 0.4375, 0.375, 0.375, 0.375, 0.5, 0.5, 0.5625, 0.75, 0.875, 0.75, 0.75, 0.6875, 0.6875, 0.6875, 0.6875, 0.6875, 0.6875, 0.6875, 0.6875, 0.6875, 0.6875, 0.6875, 0.6875, 0.6875, 0.6875], 'val_auc': [0.6181818246841431, 0.6363636255264282, 0.6181818246841431, 0.6363636255264282, 0.6272727251052856, 0.6181818246841431, 0.581818163394928, 0.5545454621315002, 0.5454545021057129, 0.581818163394928, 0.5818182229995728, 0.6181818246841431, 0.6454545259475708, 0.6545454263687134, 0.6545454859733582, 0.7000000476837158, 0.7272727489471436, 0.7545454502105713, 0.7545454502105713, 0.7454545497894287, 0.7545455098152161, 0.718181848526001, 0.7363636493682861, 0.718181848526001, 0.699999988079071, 0.7000000476837158, 0.6818182468414307, 0.6727272868156433, 0.6818181872367859, 0.6727272868156433, 0.6727272868156433, 0.6727272868156433, 0.6727272868156433, 0.6727272868156433, 0.663636326789856, 0.6454545259475708, 0.6090909242630005, 0.5545454621315002, 0.5272727608680725, 0.5181818604469299, 0.4909090995788574, 0.5, 0.48181819915771484, 0.4909090995788574, 0.4909090995788574, 0.4636363685131073, 0.4636363685131073, 0.43636366724967957, 0.4363636374473572, 0.37272730469703674], 'val_loss': [0.827400803565979, 0.7818940281867981, 0.7570750713348389, 0.7394582033157349, 0.727231502532959, 0.7191171646118164, 0.7170382142066956, 0.7180013656616211, 0.7165862321853638, 0.7165694236755371, 0.716137707233429, 0.716103196144104, 0.7148632407188416, 0.715606689453125, 0.7136760950088501, 0.7108844518661499, 0.7069190740585327, 0.7043352127075195, 0.7036659717559814, 0.7002120018005371, 0.6971420049667358, 0.694022536277771, 0.6910027861595154, 0.6888370513916016, 0.6868758797645569, 0.6850076913833618, 0.6822187900543213, 0.6811413764953613, 0.6799618005752563, 0.6773511171340942, 0.6756109595298767, 0.6734481453895569, 0.6706793904304504, 0.6666126847267151, 0.6618328094482422, 0.6587501764297485, 0.6548739671707153, 0.6522527933120728, 0.6493974924087524, 0.6474224925041199, 0.6450824737548828, 0.6431342363357544, 0.6418153047561646, 0.6406663656234741, 0.6399498581886292, 0.6385852694511414, 0.6375958919525146, 0.6370230317115784, 0.6367261409759521, 0.6369653940200806], 'val_precision': [0.3125, 0.3125, 0.3125, 0.3125, 0.3125, 0.3333333432674408, 0.3571428656578064, 0.3571428656578064, 0.3571428656578064, 0.3571428656578064, 0.3571428656578064, 0.3571428656578064, 0.3571428656578064, 0.3333333432674408, 0.3333333432674408, 0.3571428656578064, 0.3571428656578064, 0.3571428656578064, 0.3571428656578064, 0.3333333432674408, 0.3333333432674408, 0.3333333432674408, 0.3333333432674408, 0.3333333432674408, 0.3333333432674408, 0.3333333432674408, 0.27272728085517883, 0.27272728085517883, 0.27272728085517883, 0.3333333432674408, 0.3333333432674408, 0.375, 0.6000000238418579, 1.0, 1.0, 1.0, 0.0, 0.0, 0.0, 0.0, 0.0, 0.0, 0.0, 0.0, 0.0, 0.0, 0.0, 0.0, 0.0, 0.0], 'val_recall': [1.0, 1.0, 1.0, 1.0, 1.0, 1.0, 1.0, 1.0, 1.0, 1.0, 1.0, 1.0, 1.0, 1.0, 1.0, 1.0, 1.0, 1.0, 1.0, 0.800000011920929, 0.800000011920929, 0.800000011920929, 0.800000011920929, 0.800000011920929, 0.800000011920929, 0.800000011920929, 0.6000000238418579, 0.6000000238418579, 0.6000000238418579, 0.6000000238418579, 0.6000000238418579, 0.6000000238418579, 0.6000000238418579, 0.6000000238418579, 0.20000000298023224, 0.20000000298023224, 0.0, 0.0, 0.0, 0.0, 0.0, 0.0, 0.0, 0.0, 0.0, 0.0, 0.0, 0.0, 0.0, 0.0]}","{'cnn_filters': 128, 'cnn_kernel': 5, 'lstm_units': 128, 'dnn_units': 128, 'dropout_rate': 0.30000000000000004, 'learning_rate': 0.0008613365826919399, 'batch_size': 64}",COMPLETE
